running develop
Removing /home/daopctn/ros2_ws/install/ros2_costmap_to_dynamic_obstacles/lib/python3.10/site-packages/ros2-costmap-to-dynamic-obstacles.egg-link (link to .)
running egg_info
writing ../../build/ros2_costmap_to_dynamic_obstacles/ros2_costmap_to_dynamic_obstacles.egg-info/PKG-INFO
writing dependency_links to ../../build/ros2_costmap_to_dynamic_obstacles/ros2_costmap_to_dynamic_obstacles.egg-info/dependency_links.txt
writing entry points to ../../build/ros2_costmap_to_dynamic_obstacles/ros2_costmap_to_dynamic_obstacles.egg-info/entry_points.txt
writing requirements to ../../build/ros2_costmap_to_dynamic_obstacles/ros2_costmap_to_dynamic_obstacles.egg-info/requires.txt
writing top-level names to ../../build/ros2_costmap_to_dynamic_obstacles/ros2_costmap_to_dynamic_obstacles.egg-info/top_level.txt
reading manifest file '../../build/ros2_costmap_to_dynamic_obstacles/ros2_costmap_to_dynamic_obstacles.egg-info/SOURCES.txt'
writing manifest file '../../build/ros2_costmap_to_dynamic_obstacles/ros2_costmap_to_dynamic_obstacles.egg-info/SOURCES.txt'
running build
running build_py
creating /home/daopctn/ros2_ws/build/ros2_costmap_to_dynamic_obstacles/build
creating /home/daopctn/ros2_ws/build/ros2_costmap_to_dynamic_obstacles/build/lib
creating /home/daopctn/ros2_ws/build/ros2_costmap_to_dynamic_obstacles/build/lib/ros2_costmap_to_dynamic_obstacles
copying ros2_costmap_to_dynamic_obstacles/__init__.py -> /home/daopctn/ros2_ws/build/ros2_costmap_to_dynamic_obstacles/build/lib/ros2_costmap_to_dynamic_obstacles
running install
running install_lib
creating /home/daopctn/ros2_ws/install/ros2_costmap_to_dynamic_obstacles/lib/python3.10/site-packages/ros2_costmap_to_dynamic_obstacles
copying /home/daopctn/ros2_ws/build/ros2_costmap_to_dynamic_obstacles/build/lib/ros2_costmap_to_dynamic_obstacles/__init__.py -> /home/daopctn/ros2_ws/install/ros2_costmap_to_dynamic_obstacles/lib/python3.10/site-packages/ros2_costmap_to_dynamic_obstacles
byte-compiling /home/daopctn/ros2_ws/install/ros2_costmap_to_dynamic_obstacles/lib/python3.10/site-packages/ros2_costmap_to_dynamic_obstacles/__init__.py to __init__.cpython-310.pyc
running install_data
copying resource/ros2_costmap_to_dynamic_obstacles -> /home/daopctn/ros2_ws/install/ros2_costmap_to_dynamic_obstacles/share/ament_index/resource_index/packages
copying package.xml -> /home/daopctn/ros2_ws/install/ros2_costmap_to_dynamic_obstacles/share/ros2_costmap_to_dynamic_obstacles
running install_egg_info
Copying ../../build/ros2_costmap_to_dynamic_obstacles/ros2_costmap_to_dynamic_obstacles.egg-info to /home/daopctn/ros2_ws/install/ros2_costmap_to_dynamic_obstacles/lib/python3.10/site-packages/ros2_costmap_to_dynamic_obstacles-0.0.0-py3.10.egg-info
running install_scripts
writing list of installed files to '/home/daopctn/ros2_ws/build/ros2_costmap_to_dynamic_obstacles/install.log'
