[0.557s] Invoking command in '/home/daopctn/ros2_ws/build/ros2_costmap_to_dynamic_obstacles': PYTHONPATH=/home/daopctn/ros2_ws/build/ros2_costmap_to_dynamic_obstacles/prefix_override:/usr/lib/python3/dist-packages/colcon_core/task/python/colcon_distutils_commands:/home/daopctn/ros2_ws/install/ros2_costmap_to_dynamic_obstacles/lib/python3.10/site-packages:${PYTHONPATH} /usr/bin/python3 -W ignore:setup.py install is deprecated -W ignore:easy_install command is deprecated setup.py develop --uninstall --editable --build-directory /home/daopctn/ros2_ws/build/ros2_costmap_to_dynamic_obstacles/build
[0.783s] running develop
[0.945s] Removing /home/daopctn/ros2_ws/install/ros2_costmap_to_dynamic_obstacles/lib/python3.10/site-packages/ros2-costmap-to-dynamic-obstacles.egg-link (link to .)
[0.967s] Invoked command in '/home/daopctn/ros2_ws/build/ros2_costmap_to_dynamic_obstacles' returned '0': PYTHONPATH=/home/daopctn/ros2_ws/build/ros2_costmap_to_dynamic_obstacles/prefix_override:/usr/lib/python3/dist-packages/colcon_core/task/python/colcon_distutils_commands:/home/daopctn/ros2_ws/install/ros2_costmap_to_dynamic_obstacles/lib/python3.10/site-packages:${PYTHONPATH} /usr/bin/python3 -W ignore:setup.py install is deprecated -W ignore:easy_install command is deprecated setup.py develop --uninstall --editable --build-directory /home/daopctn/ros2_ws/build/ros2_costmap_to_dynamic_obstacles/build
[0.968s] Invoking command in '/home/daopctn/ros2_ws/src/ros2_costmap_to_dynamic_obstacles': PYTHONPATH=/home/daopctn/ros2_ws/build/ros2_costmap_to_dynamic_obstacles/prefix_override:/usr/lib/python3/dist-packages/colcon_core/task/python/colcon_distutils_commands:/home/daopctn/ros2_ws/install/ros2_costmap_to_dynamic_obstacles/lib/python3.10/site-packages:${PYTHONPATH} /usr/bin/python3 -W ignore:setup.py install is deprecated -W ignore:easy_install command is deprecated setup.py egg_info --egg-base ../../build/ros2_costmap_to_dynamic_obstacles build --build-base /home/daopctn/ros2_ws/build/ros2_costmap_to_dynamic_obstacles/build install --record /home/daopctn/ros2_ws/build/ros2_costmap_to_dynamic_obstacles/install.log --single-version-externally-managed install_data --force
[1.198s] running egg_info
[1.199s] writing ../../build/ros2_costmap_to_dynamic_obstacles/ros2_costmap_to_dynamic_obstacles.egg-info/PKG-INFO
[1.200s] writing dependency_links to ../../build/ros2_costmap_to_dynamic_obstacles/ros2_costmap_to_dynamic_obstacles.egg-info/dependency_links.txt
[1.200s] writing entry points to ../../build/ros2_costmap_to_dynamic_obstacles/ros2_costmap_to_dynamic_obstacles.egg-info/entry_points.txt
[1.200s] writing requirements to ../../build/ros2_costmap_to_dynamic_obstacles/ros2_costmap_to_dynamic_obstacles.egg-info/requires.txt
[1.200s] writing top-level names to ../../build/ros2_costmap_to_dynamic_obstacles/ros2_costmap_to_dynamic_obstacles.egg-info/top_level.txt
[1.201s] reading manifest file '../../build/ros2_costmap_to_dynamic_obstacles/ros2_costmap_to_dynamic_obstacles.egg-info/SOURCES.txt'
[1.202s] writing manifest file '../../build/ros2_costmap_to_dynamic_obstacles/ros2_costmap_to_dynamic_obstacles.egg-info/SOURCES.txt'
[1.202s] running build
[1.202s] running build_py
[1.202s] creating /home/daopctn/ros2_ws/build/ros2_costmap_to_dynamic_obstacles/build
[1.202s] creating /home/daopctn/ros2_ws/build/ros2_costmap_to_dynamic_obstacles/build/lib
[1.202s] creating /home/daopctn/ros2_ws/build/ros2_costmap_to_dynamic_obstacles/build/lib/ros2_costmap_to_dynamic_obstacles
[1.203s] copying ros2_costmap_to_dynamic_obstacles/__init__.py -> /home/daopctn/ros2_ws/build/ros2_costmap_to_dynamic_obstacles/build/lib/ros2_costmap_to_dynamic_obstacles
[1.203s] running install
[1.203s] running install_lib
[1.203s] creating /home/daopctn/ros2_ws/install/ros2_costmap_to_dynamic_obstacles/lib/python3.10/site-packages/ros2_costmap_to_dynamic_obstacles
[1.203s] copying /home/daopctn/ros2_ws/build/ros2_costmap_to_dynamic_obstacles/build/lib/ros2_costmap_to_dynamic_obstacles/__init__.py -> /home/daopctn/ros2_ws/install/ros2_costmap_to_dynamic_obstacles/lib/python3.10/site-packages/ros2_costmap_to_dynamic_obstacles
[1.204s] byte-compiling /home/daopctn/ros2_ws/install/ros2_costmap_to_dynamic_obstacles/lib/python3.10/site-packages/ros2_costmap_to_dynamic_obstacles/__init__.py to __init__.cpython-310.pyc
[1.204s] running install_data
[1.204s] copying resource/ros2_costmap_to_dynamic_obstacles -> /home/daopctn/ros2_ws/install/ros2_costmap_to_dynamic_obstacles/share/ament_index/resource_index/packages
[1.204s] copying package.xml -> /home/daopctn/ros2_ws/install/ros2_costmap_to_dynamic_obstacles/share/ros2_costmap_to_dynamic_obstacles
[1.204s] running install_egg_info
[1.205s] Copying ../../build/ros2_costmap_to_dynamic_obstacles/ros2_costmap_to_dynamic_obstacles.egg-info to /home/daopctn/ros2_ws/install/ros2_costmap_to_dynamic_obstacles/lib/python3.10/site-packages/ros2_costmap_to_dynamic_obstacles-0.0.0-py3.10.egg-info
[1.206s] running install_scripts
[1.224s] writing list of installed files to '/home/daopctn/ros2_ws/build/ros2_costmap_to_dynamic_obstacles/install.log'
[1.242s] Invoked command in '/home/daopctn/ros2_ws/src/ros2_costmap_to_dynamic_obstacles' returned '0': PYTHONPATH=/home/daopctn/ros2_ws/build/ros2_costmap_to_dynamic_obstacles/prefix_override:/usr/lib/python3/dist-packages/colcon_core/task/python/colcon_distutils_commands:/home/daopctn/ros2_ws/install/ros2_costmap_to_dynamic_obstacles/lib/python3.10/site-packages:${PYTHONPATH} /usr/bin/python3 -W ignore:setup.py install is deprecated -W ignore:easy_install command is deprecated setup.py egg_info --egg-base ../../build/ros2_costmap_to_dynamic_obstacles build --build-base /home/daopctn/ros2_ws/build/ros2_costmap_to_dynamic_obstacles/build install --record /home/daopctn/ros2_ws/build/ros2_costmap_to_dynamic_obstacles/install.log --single-version-externally-managed install_data --force
