[0.087s] DEBUG:colcon:Command line arguments: ['/usr/bin/colcon', 'build']
[0.087s] DEBUG:colcon:Parsed command line arguments: Namespace(log_base=None, log_level=None, verb_name='build', build_base='build', install_base='install', merge_install=False, symlink_install=False, test_result_base=None, continue_on_error=False, executor='parallel', parallel_workers=12, event_handlers=None, ignore_user_meta=False, metas=['./colcon.meta'], base_paths=['.'], packages_ignore=None, packages_ignore_regex=None, paths=None, packages_up_to=None, packages_up_to_regex=None, packages_above=None, packages_above_and_dependencies=None, packages_above_depth=None, packages_select_by_dep=None, packages_skip_by_dep=None, packages_skip_up_to=None, packages_select_build_failed=False, packages_skip_build_finished=False, packages_select_test_failures=False, packages_skip_test_passed=False, packages_select=None, packages_skip=None, packages_select_regex=None, packages_skip_regex=None, packages_start=None, packages_end=None, allow_overriding=[], cmake_args=None, cmake_target=None, cmake_target_skip_unavailable=False, cmake_clean_cache=False, cmake_clean_first=False, cmake_force_configure=False, ament_cmake_args=None, catkin_cmake_args=None, catkin_skip_building_tests=False, mixin_files=None, mixin=None, verb_parser=<colcon_mixin.mixin.mixin_argument.MixinArgumentDecorator object at 0x7ae0eef33490>, verb_extension=<colcon_core.verb.build.BuildVerb object at 0x7ae0eef326e0>, main=<bound method BuildVerb.main of <colcon_core.verb.build.BuildVerb object at 0x7ae0eef326e0>>, mixin_verb=('build',))
[0.229s] Level 1:colcon.colcon_core.package_discovery:discover_packages(colcon_meta) check parameters
[0.230s] Level 1:colcon.colcon_core.package_discovery:discover_packages(recursive) check parameters
[0.230s] Level 1:colcon.colcon_core.package_discovery:discover_packages(ignore) check parameters
[0.230s] Level 1:colcon.colcon_core.package_discovery:discover_packages(path) check parameters
[0.230s] Level 1:colcon.colcon_core.package_discovery:discover_packages(colcon_meta) discover
[0.230s] Level 1:colcon.colcon_core.package_discovery:discover_packages(recursive) discover
[0.230s] INFO:colcon.colcon_core.package_discovery:Crawling recursively for packages in '/home/daopctn/ros2_ws'
[0.230s] Level 1:colcon.colcon_core.package_identification:_identify(.) by extensions ['ignore', 'ignore_ament_install']
[0.230s] Level 1:colcon.colcon_core.package_identification:_identify(.) by extension 'ignore'
[0.230s] Level 1:colcon.colcon_core.package_identification:_identify(.) by extension 'ignore_ament_install'
[0.230s] Level 1:colcon.colcon_core.package_identification:_identify(.) by extensions ['colcon_pkg']
[0.230s] Level 1:colcon.colcon_core.package_identification:_identify(.) by extension 'colcon_pkg'
[0.230s] Level 1:colcon.colcon_core.package_identification:_identify(.) by extensions ['colcon_meta']
[0.230s] Level 1:colcon.colcon_core.package_identification:_identify(.) by extension 'colcon_meta'
[0.230s] Level 1:colcon.colcon_core.package_identification:_identify(.) by extensions ['ros']
[0.230s] Level 1:colcon.colcon_core.package_identification:_identify(.) by extension 'ros'
[0.238s] Level 1:colcon.colcon_core.package_identification:_identify(.) by extensions ['cmake', 'python']
[0.238s] Level 1:colcon.colcon_core.package_identification:_identify(.) by extension 'cmake'
[0.238s] Level 1:colcon.colcon_core.package_identification:_identify(.) by extension 'python'
[0.238s] Level 1:colcon.colcon_core.package_identification:_identify(.) by extensions ['python_setup_py']
[0.238s] Level 1:colcon.colcon_core.package_identification:_identify(.) by extension 'python_setup_py'
[0.238s] Level 1:colcon.colcon_core.package_identification:_identify(build) by extensions ['ignore', 'ignore_ament_install']
[0.239s] Level 1:colcon.colcon_core.package_identification:_identify(build) by extension 'ignore'
[0.239s] Level 1:colcon.colcon_core.package_identification:_identify(build) ignored
[0.239s] Level 1:colcon.colcon_core.package_identification:_identify(install) by extensions ['ignore', 'ignore_ament_install']
[0.239s] Level 1:colcon.colcon_core.package_identification:_identify(install) by extension 'ignore'
[0.239s] Level 1:colcon.colcon_core.package_identification:_identify(install) ignored
[0.239s] Level 1:colcon.colcon_core.package_identification:_identify(log) by extensions ['ignore', 'ignore_ament_install']
[0.239s] Level 1:colcon.colcon_core.package_identification:_identify(log) by extension 'ignore'
[0.239s] Level 1:colcon.colcon_core.package_identification:_identify(log) ignored
[0.239s] Level 1:colcon.colcon_core.package_identification:_identify(src) by extensions ['ignore', 'ignore_ament_install']
[0.239s] Level 1:colcon.colcon_core.package_identification:_identify(src) by extension 'ignore'
[0.239s] Level 1:colcon.colcon_core.package_identification:_identify(src) by extension 'ignore_ament_install'
[0.239s] Level 1:colcon.colcon_core.package_identification:_identify(src) by extensions ['colcon_pkg']
[0.239s] Level 1:colcon.colcon_core.package_identification:_identify(src) by extension 'colcon_pkg'
[0.239s] Level 1:colcon.colcon_core.package_identification:_identify(src) by extensions ['colcon_meta']
[0.239s] Level 1:colcon.colcon_core.package_identification:_identify(src) by extension 'colcon_meta'
[0.239s] Level 1:colcon.colcon_core.package_identification:_identify(src) by extensions ['ros']
[0.239s] Level 1:colcon.colcon_core.package_identification:_identify(src) by extension 'ros'
[0.239s] Level 1:colcon.colcon_core.package_identification:_identify(src) by extensions ['cmake', 'python']
[0.239s] Level 1:colcon.colcon_core.package_identification:_identify(src) by extension 'cmake'
[0.239s] Level 1:colcon.colcon_core.package_identification:_identify(src) by extension 'python'
[0.240s] Level 1:colcon.colcon_core.package_identification:_identify(src) by extensions ['python_setup_py']
[0.240s] Level 1:colcon.colcon_core.package_identification:_identify(src) by extension 'python_setup_py'
[0.240s] Level 1:colcon.colcon_core.package_identification:_identify(src/nav2_dynamic_msgs) by extensions ['ignore', 'ignore_ament_install']
[0.240s] Level 1:colcon.colcon_core.package_identification:_identify(src/nav2_dynamic_msgs) by extension 'ignore'
[0.240s] Level 1:colcon.colcon_core.package_identification:_identify(src/nav2_dynamic_msgs) by extension 'ignore_ament_install'
[0.240s] Level 1:colcon.colcon_core.package_identification:_identify(src/nav2_dynamic_msgs) by extensions ['colcon_pkg']
[0.240s] Level 1:colcon.colcon_core.package_identification:_identify(src/nav2_dynamic_msgs) by extension 'colcon_pkg'
[0.240s] Level 1:colcon.colcon_core.package_identification:_identify(src/nav2_dynamic_msgs) by extensions ['colcon_meta']
[0.240s] Level 1:colcon.colcon_core.package_identification:_identify(src/nav2_dynamic_msgs) by extension 'colcon_meta'
[0.240s] Level 1:colcon.colcon_core.package_identification:_identify(src/nav2_dynamic_msgs) by extensions ['ros']
[0.240s] Level 1:colcon.colcon_core.package_identification:_identify(src/nav2_dynamic_msgs) by extension 'ros'
[0.243s] DEBUG:colcon.colcon_core.package_identification:Package 'src/nav2_dynamic_msgs' with type 'ros.ament_cmake' and name 'nav2_dynamic_msgs'
[0.243s] Level 1:colcon.colcon_core.package_identification:_identify(src/ros2_costmap_to_dynamic_obstacles) by extensions ['ignore', 'ignore_ament_install']
[0.243s] Level 1:colcon.colcon_core.package_identification:_identify(src/ros2_costmap_to_dynamic_obstacles) by extension 'ignore'
[0.243s] Level 1:colcon.colcon_core.package_identification:_identify(src/ros2_costmap_to_dynamic_obstacles) by extension 'ignore_ament_install'
[0.243s] Level 1:colcon.colcon_core.package_identification:_identify(src/ros2_costmap_to_dynamic_obstacles) by extensions ['colcon_pkg']
[0.243s] Level 1:colcon.colcon_core.package_identification:_identify(src/ros2_costmap_to_dynamic_obstacles) by extension 'colcon_pkg'
[0.243s] Level 1:colcon.colcon_core.package_identification:_identify(src/ros2_costmap_to_dynamic_obstacles) by extensions ['colcon_meta']
[0.243s] Level 1:colcon.colcon_core.package_identification:_identify(src/ros2_costmap_to_dynamic_obstacles) by extension 'colcon_meta'
[0.243s] Level 1:colcon.colcon_core.package_identification:_identify(src/ros2_costmap_to_dynamic_obstacles) by extensions ['ros']
[0.243s] Level 1:colcon.colcon_core.package_identification:_identify(src/ros2_costmap_to_dynamic_obstacles) by extension 'ros'
[0.244s] DEBUG:colcon.colcon_core.package_identification:Package 'src/ros2_costmap_to_dynamic_obstacles' with type 'ros.ament_python' and name 'ros2_costmap_to_dynamic_obstacles'
[0.244s] Level 1:colcon.colcon_core.package_discovery:discover_packages(recursive) using defaults
[0.244s] Level 1:colcon.colcon_core.package_discovery:discover_packages(ignore) discover
[0.244s] Level 1:colcon.colcon_core.package_discovery:discover_packages(ignore) using defaults
[0.244s] Level 1:colcon.colcon_core.package_discovery:discover_packages(path) discover
[0.244s] Level 1:colcon.colcon_core.package_discovery:discover_packages(path) using defaults
[0.272s] Level 1:colcon.colcon_core.package_discovery:discover_packages(prefix_path) check parameters
[0.273s] Level 1:colcon.colcon_core.package_discovery:discover_packages(prefix_path) discover
[0.274s] DEBUG:colcon.colcon_installed_package_information.package_discovery:Found 12 installed packages in /home/daopctn/turtlebot3_ws/install
[0.276s] DEBUG:colcon.colcon_installed_package_information.package_discovery:Found 450 installed packages in /opt/ros/humble
[0.278s] Level 1:colcon.colcon_core.package_discovery:discover_packages(prefix_path) using defaults
[0.322s] Level 5:colcon.colcon_core.verb:set package 'nav2_dynamic_msgs' build argument 'cmake_args' from command line to 'None'
[0.322s] Level 5:colcon.colcon_core.verb:set package 'nav2_dynamic_msgs' build argument 'cmake_target' from command line to 'None'
[0.322s] Level 5:colcon.colcon_core.verb:set package 'nav2_dynamic_msgs' build argument 'cmake_target_skip_unavailable' from command line to 'False'
[0.322s] Level 5:colcon.colcon_core.verb:set package 'nav2_dynamic_msgs' build argument 'cmake_clean_cache' from command line to 'False'
[0.322s] Level 5:colcon.colcon_core.verb:set package 'nav2_dynamic_msgs' build argument 'cmake_clean_first' from command line to 'False'
[0.322s] Level 5:colcon.colcon_core.verb:set package 'nav2_dynamic_msgs' build argument 'cmake_force_configure' from command line to 'False'
[0.322s] Level 5:colcon.colcon_core.verb:set package 'nav2_dynamic_msgs' build argument 'ament_cmake_args' from command line to 'None'
[0.322s] Level 5:colcon.colcon_core.verb:set package 'nav2_dynamic_msgs' build argument 'catkin_cmake_args' from command line to 'None'
[0.322s] Level 5:colcon.colcon_core.verb:set package 'nav2_dynamic_msgs' build argument 'catkin_skip_building_tests' from command line to 'False'
[0.322s] DEBUG:colcon.colcon_core.verb:Building package 'nav2_dynamic_msgs' with the following arguments: {'ament_cmake_args': None, 'build_base': '/home/daopctn/ros2_ws/build/nav2_dynamic_msgs', 'catkin_cmake_args': None, 'catkin_skip_building_tests': False, 'cmake_args': None, 'cmake_clean_cache': False, 'cmake_clean_first': False, 'cmake_force_configure': False, 'cmake_target': None, 'cmake_target_skip_unavailable': False, 'install_base': '/home/daopctn/ros2_ws/install/nav2_dynamic_msgs', 'merge_install': False, 'path': '/home/daopctn/ros2_ws/src/nav2_dynamic_msgs', 'symlink_install': False, 'test_result_base': None}
[0.323s] Level 5:colcon.colcon_core.verb:set package 'ros2_costmap_to_dynamic_obstacles' build argument 'cmake_args' from command line to 'None'
[0.323s] Level 5:colcon.colcon_core.verb:set package 'ros2_costmap_to_dynamic_obstacles' build argument 'cmake_target' from command line to 'None'
[0.323s] Level 5:colcon.colcon_core.verb:set package 'ros2_costmap_to_dynamic_obstacles' build argument 'cmake_target_skip_unavailable' from command line to 'False'
[0.323s] Level 5:colcon.colcon_core.verb:set package 'ros2_costmap_to_dynamic_obstacles' build argument 'cmake_clean_cache' from command line to 'False'
[0.323s] Level 5:colcon.colcon_core.verb:set package 'ros2_costmap_to_dynamic_obstacles' build argument 'cmake_clean_first' from command line to 'False'
[0.323s] Level 5:colcon.colcon_core.verb:set package 'ros2_costmap_to_dynamic_obstacles' build argument 'cmake_force_configure' from command line to 'False'
[0.323s] Level 5:colcon.colcon_core.verb:set package 'ros2_costmap_to_dynamic_obstacles' build argument 'ament_cmake_args' from command line to 'None'
[0.323s] Level 5:colcon.colcon_core.verb:set package 'ros2_costmap_to_dynamic_obstacles' build argument 'catkin_cmake_args' from command line to 'None'
[0.323s] Level 5:colcon.colcon_core.verb:set package 'ros2_costmap_to_dynamic_obstacles' build argument 'catkin_skip_building_tests' from command line to 'False'
[0.323s] DEBUG:colcon.colcon_core.verb:Building package 'ros2_costmap_to_dynamic_obstacles' with the following arguments: {'ament_cmake_args': None, 'build_base': '/home/daopctn/ros2_ws/build/ros2_costmap_to_dynamic_obstacles', 'catkin_cmake_args': None, 'catkin_skip_building_tests': False, 'cmake_args': None, 'cmake_clean_cache': False, 'cmake_clean_first': False, 'cmake_force_configure': False, 'cmake_target': None, 'cmake_target_skip_unavailable': False, 'install_base': '/home/daopctn/ros2_ws/install/ros2_costmap_to_dynamic_obstacles', 'merge_install': False, 'path': '/home/daopctn/ros2_ws/src/ros2_costmap_to_dynamic_obstacles', 'symlink_install': False, 'test_result_base': None}
[0.323s] INFO:colcon.colcon_core.executor:Executing jobs using 'parallel' executor
[0.324s] DEBUG:colcon.colcon_parallel_executor.executor.parallel:run_until_complete
[0.324s] INFO:colcon.colcon_ros.task.ament_cmake.build:Building ROS package in '/home/daopctn/ros2_ws/src/nav2_dynamic_msgs' with build type 'ament_cmake'
[0.324s] INFO:colcon.colcon_cmake.task.cmake.build:Building CMake package in '/home/daopctn/ros2_ws/src/nav2_dynamic_msgs'
[0.326s] INFO:colcon.colcon_core.plugin_system:Skipping extension 'colcon_core.shell.bat': Not used on non-Windows systems
[0.326s] INFO:colcon.colcon_core.shell:Skip shell extension 'powershell' for command environment: Not usable outside of PowerShell
[0.326s] DEBUG:colcon.colcon_core.shell:Skip shell extension 'dsv' for command environment
[0.329s] INFO:colcon.colcon_ros.task.ament_python.build:Building ROS package in '/home/daopctn/ros2_ws/src/ros2_costmap_to_dynamic_obstacles' with build type 'ament_python'
[0.329s] Level 1:colcon.colcon_core.shell:create_environment_hook('ros2_costmap_to_dynamic_obstacles', 'ament_prefix_path')
[0.329s] INFO:colcon.colcon_core.shell:Creating environment hook '/home/daopctn/ros2_ws/install/ros2_costmap_to_dynamic_obstacles/share/ros2_costmap_to_dynamic_obstacles/hook/ament_prefix_path.ps1'
[0.330s] INFO:colcon.colcon_core.shell:Creating environment descriptor '/home/daopctn/ros2_ws/install/ros2_costmap_to_dynamic_obstacles/share/ros2_costmap_to_dynamic_obstacles/hook/ament_prefix_path.dsv'
[0.330s] INFO:colcon.colcon_core.shell:Creating environment hook '/home/daopctn/ros2_ws/install/ros2_costmap_to_dynamic_obstacles/share/ros2_costmap_to_dynamic_obstacles/hook/ament_prefix_path.sh'
[0.330s] INFO:colcon.colcon_core.shell:Skip shell extension 'powershell' for command environment: Not usable outside of PowerShell
[0.331s] DEBUG:colcon.colcon_core.shell:Skip shell extension 'dsv' for command environment
[0.337s] DEBUG:colcon.colcon_core.event_handler.log_command:Invoking command in '/home/daopctn/ros2_ws/build/nav2_dynamic_msgs': CMAKE_PREFIX_PATH=${CMAKE_PREFIX_PATH}:/home/daopctn/turtlebot3_ws/install/turtlebot3_teleop:/home/daopctn/turtlebot3_ws/install/turtlebot3_example:/opt/ros/humble /usr/bin/cmake /home/daopctn/ros2_ws/src/nav2_dynamic_msgs -DCMAKE_INSTALL_PREFIX=/home/daopctn/ros2_ws/install/nav2_dynamic_msgs
[0.568s] INFO:colcon.colcon_core.task.python.build:Building Python package in '/home/daopctn/ros2_ws/src/ros2_costmap_to_dynamic_obstacles'
[0.568s] INFO:colcon.colcon_core.shell:Skip shell extension 'powershell' for command environment: Not usable outside of PowerShell
[0.569s] DEBUG:colcon.colcon_core.shell:Skip shell extension 'dsv' for command environment
[0.886s] DEBUG:colcon.colcon_core.event_handler.log_command:Invoking command in '/home/daopctn/ros2_ws/build/ros2_costmap_to_dynamic_obstacles': PYTHONPATH=/home/daopctn/ros2_ws/build/ros2_costmap_to_dynamic_obstacles/prefix_override:/usr/lib/python3/dist-packages/colcon_core/task/python/colcon_distutils_commands:/home/daopctn/ros2_ws/install/ros2_costmap_to_dynamic_obstacles/lib/python3.10/site-packages:${PYTHONPATH} /usr/bin/python3 -W ignore:setup.py install is deprecated -W ignore:easy_install command is deprecated setup.py develop --uninstall --editable --build-directory /home/daopctn/ros2_ws/build/ros2_costmap_to_dynamic_obstacles/build
[1.125s] DEBUG:colcon.colcon_core.event_handler.log_command:Invoked command in '/home/daopctn/ros2_ws/build/nav2_dynamic_msgs' returned '0': CMAKE_PREFIX_PATH=${CMAKE_PREFIX_PATH}:/home/daopctn/turtlebot3_ws/install/turtlebot3_teleop:/home/daopctn/turtlebot3_ws/install/turtlebot3_example:/opt/ros/humble /usr/bin/cmake /home/daopctn/ros2_ws/src/nav2_dynamic_msgs -DCMAKE_INSTALL_PREFIX=/home/daopctn/ros2_ws/install/nav2_dynamic_msgs
[1.126s] DEBUG:colcon.colcon_core.event_handler.log_command:Invoking command in '/home/daopctn/ros2_ws/build/nav2_dynamic_msgs': CMAKE_PREFIX_PATH=${CMAKE_PREFIX_PATH}:/home/daopctn/turtlebot3_ws/install/turtlebot3_teleop:/home/daopctn/turtlebot3_ws/install/turtlebot3_example:/opt/ros/humble /usr/bin/cmake --build /home/daopctn/ros2_ws/build/nav2_dynamic_msgs -- -j12 -l12
[1.296s] DEBUG:colcon.colcon_core.event_handler.log_command:Invoked command in '/home/daopctn/ros2_ws/build/ros2_costmap_to_dynamic_obstacles' returned '0': PYTHONPATH=/home/daopctn/ros2_ws/build/ros2_costmap_to_dynamic_obstacles/prefix_override:/usr/lib/python3/dist-packages/colcon_core/task/python/colcon_distutils_commands:/home/daopctn/ros2_ws/install/ros2_costmap_to_dynamic_obstacles/lib/python3.10/site-packages:${PYTHONPATH} /usr/bin/python3 -W ignore:setup.py install is deprecated -W ignore:easy_install command is deprecated setup.py develop --uninstall --editable --build-directory /home/daopctn/ros2_ws/build/ros2_costmap_to_dynamic_obstacles/build
[1.297s] DEBUG:colcon.colcon_core.event_handler.log_command:Invoking command in '/home/daopctn/ros2_ws/src/ros2_costmap_to_dynamic_obstacles': PYTHONPATH=/home/daopctn/ros2_ws/build/ros2_costmap_to_dynamic_obstacles/prefix_override:/usr/lib/python3/dist-packages/colcon_core/task/python/colcon_distutils_commands:/home/daopctn/ros2_ws/install/ros2_costmap_to_dynamic_obstacles/lib/python3.10/site-packages:${PYTHONPATH} /usr/bin/python3 -W ignore:setup.py install is deprecated -W ignore:easy_install command is deprecated setup.py egg_info --egg-base ../../build/ros2_costmap_to_dynamic_obstacles build --build-base /home/daopctn/ros2_ws/build/ros2_costmap_to_dynamic_obstacles/build install --record /home/daopctn/ros2_ws/build/ros2_costmap_to_dynamic_obstacles/install.log --single-version-externally-managed install_data --force
[1.572s] DEBUG:colcon.colcon_core.event_handler.log_command:Invoked command in '/home/daopctn/ros2_ws/src/ros2_costmap_to_dynamic_obstacles' returned '0': PYTHONPATH=/home/daopctn/ros2_ws/build/ros2_costmap_to_dynamic_obstacles/prefix_override:/usr/lib/python3/dist-packages/colcon_core/task/python/colcon_distutils_commands:/home/daopctn/ros2_ws/install/ros2_costmap_to_dynamic_obstacles/lib/python3.10/site-packages:${PYTHONPATH} /usr/bin/python3 -W ignore:setup.py install is deprecated -W ignore:easy_install command is deprecated setup.py egg_info --egg-base ../../build/ros2_costmap_to_dynamic_obstacles build --build-base /home/daopctn/ros2_ws/build/ros2_costmap_to_dynamic_obstacles/build install --record /home/daopctn/ros2_ws/build/ros2_costmap_to_dynamic_obstacles/install.log --single-version-externally-managed install_data --force
[1.574s] Level 1:colcon.colcon_core.environment:checking '/home/daopctn/ros2_ws/install/ros2_costmap_to_dynamic_obstacles' for CMake module files
[1.574s] Level 1:colcon.colcon_core.environment:checking '/home/daopctn/ros2_ws/install/ros2_costmap_to_dynamic_obstacles' for CMake config files
[1.575s] Level 1:colcon.colcon_core.environment:checking '/home/daopctn/ros2_ws/install/ros2_costmap_to_dynamic_obstacles/lib'
[1.575s] Level 1:colcon.colcon_core.environment:checking '/home/daopctn/ros2_ws/install/ros2_costmap_to_dynamic_obstacles/bin'
[1.575s] Level 1:colcon.colcon_core.environment:checking '/home/daopctn/ros2_ws/install/ros2_costmap_to_dynamic_obstacles/lib/pkgconfig/ros2_costmap_to_dynamic_obstacles.pc'
[1.575s] Level 1:colcon.colcon_core.environment:checking '/home/daopctn/ros2_ws/install/ros2_costmap_to_dynamic_obstacles/lib/python3.10/site-packages'
[1.575s] Level 1:colcon.colcon_core.shell:create_environment_hook('ros2_costmap_to_dynamic_obstacles', 'pythonpath')
[1.575s] INFO:colcon.colcon_core.shell:Creating environment hook '/home/daopctn/ros2_ws/install/ros2_costmap_to_dynamic_obstacles/share/ros2_costmap_to_dynamic_obstacles/hook/pythonpath.ps1'
[1.576s] INFO:colcon.colcon_core.shell:Creating environment descriptor '/home/daopctn/ros2_ws/install/ros2_costmap_to_dynamic_obstacles/share/ros2_costmap_to_dynamic_obstacles/hook/pythonpath.dsv'
[1.576s] INFO:colcon.colcon_core.shell:Creating environment hook '/home/daopctn/ros2_ws/install/ros2_costmap_to_dynamic_obstacles/share/ros2_costmap_to_dynamic_obstacles/hook/pythonpath.sh'
[1.576s] Level 1:colcon.colcon_core.environment:checking '/home/daopctn/ros2_ws/install/ros2_costmap_to_dynamic_obstacles/bin'
[1.576s] Level 1:colcon.colcon_core.environment:create_environment_scripts_only(ros2_costmap_to_dynamic_obstacles)
[1.577s] INFO:colcon.colcon_core.shell:Creating package script '/home/daopctn/ros2_ws/install/ros2_costmap_to_dynamic_obstacles/share/ros2_costmap_to_dynamic_obstacles/package.ps1'
[1.577s] INFO:colcon.colcon_core.shell:Creating package descriptor '/home/daopctn/ros2_ws/install/ros2_costmap_to_dynamic_obstacles/share/ros2_costmap_to_dynamic_obstacles/package.dsv'
[1.578s] INFO:colcon.colcon_core.shell:Creating package script '/home/daopctn/ros2_ws/install/ros2_costmap_to_dynamic_obstacles/share/ros2_costmap_to_dynamic_obstacles/package.sh'
[1.578s] INFO:colcon.colcon_core.shell:Creating package script '/home/daopctn/ros2_ws/install/ros2_costmap_to_dynamic_obstacles/share/ros2_costmap_to_dynamic_obstacles/package.bash'
[1.579s] INFO:colcon.colcon_core.shell:Creating package script '/home/daopctn/ros2_ws/install/ros2_costmap_to_dynamic_obstacles/share/ros2_costmap_to_dynamic_obstacles/package.zsh'
[1.579s] Level 1:colcon.colcon_core.environment:create_file_with_runtime_dependencies(/home/daopctn/ros2_ws/install/ros2_costmap_to_dynamic_obstacles/share/colcon-core/packages/ros2_costmap_to_dynamic_obstacles)
[1.967s] DEBUG:colcon.colcon_core.event_handler.log_command:Invoked command in '/home/daopctn/ros2_ws/build/nav2_dynamic_msgs' returned '2': CMAKE_PREFIX_PATH=${CMAKE_PREFIX_PATH}:/home/daopctn/turtlebot3_ws/install/turtlebot3_teleop:/home/daopctn/turtlebot3_ws/install/turtlebot3_example:/opt/ros/humble /usr/bin/cmake --build /home/daopctn/ros2_ws/build/nav2_dynamic_msgs -- -j12 -l12
[1.968s] Level 1:colcon.colcon_core.environment:create_environment_scripts_only(nav2_dynamic_msgs)
[1.968s] Level 1:colcon.colcon_core.environment:checking '/home/daopctn/ros2_ws/install/nav2_dynamic_msgs' for CMake module files
[1.968s] Level 1:colcon.colcon_core.environment:checking '/home/daopctn/ros2_ws/install/nav2_dynamic_msgs' for CMake config files
[1.969s] Level 1:colcon.colcon_core.environment:checking '/home/daopctn/ros2_ws/install/nav2_dynamic_msgs/bin'
[1.969s] Level 1:colcon.colcon_core.environment:checking '/home/daopctn/ros2_ws/install/nav2_dynamic_msgs/lib/pkgconfig/nav2_dynamic_msgs.pc'
[1.969s] Level 1:colcon.colcon_core.environment:checking '/home/daopctn/ros2_ws/install/nav2_dynamic_msgs/lib/python3.10/site-packages'
[1.969s] Level 1:colcon.colcon_core.environment:checking '/home/daopctn/ros2_ws/install/nav2_dynamic_msgs/bin'
[1.969s] INFO:colcon.colcon_core.shell:Creating package script '/home/daopctn/ros2_ws/install/nav2_dynamic_msgs/share/nav2_dynamic_msgs/package.ps1'
[1.969s] INFO:colcon.colcon_core.shell:Creating package descriptor '/home/daopctn/ros2_ws/install/nav2_dynamic_msgs/share/nav2_dynamic_msgs/package.dsv'
[1.970s] INFO:colcon.colcon_core.shell:Creating package script '/home/daopctn/ros2_ws/install/nav2_dynamic_msgs/share/nav2_dynamic_msgs/package.sh'
[1.970s] INFO:colcon.colcon_core.shell:Creating package script '/home/daopctn/ros2_ws/install/nav2_dynamic_msgs/share/nav2_dynamic_msgs/package.bash'
[1.970s] INFO:colcon.colcon_core.shell:Creating package script '/home/daopctn/ros2_ws/install/nav2_dynamic_msgs/share/nav2_dynamic_msgs/package.zsh'
[1.971s] Level 1:colcon.colcon_core.environment:create_file_with_runtime_dependencies(/home/daopctn/ros2_ws/install/nav2_dynamic_msgs/share/colcon-core/packages/nav2_dynamic_msgs)
[1.981s] DEBUG:colcon.colcon_parallel_executor.executor.parallel:closing loop
[1.981s] DEBUG:colcon.colcon_parallel_executor.executor.parallel:loop closed
[1.981s] DEBUG:colcon.colcon_parallel_executor.executor.parallel:run_until_complete finished with '2'
[1.981s] DEBUG:colcon.colcon_core.event_reactor:joining thread
[1.986s] INFO:colcon.colcon_core.plugin_system:Skipping extension 'colcon_notification.desktop_notification.terminal_notifier': Not used on non-Darwin systems
[1.986s] INFO:colcon.colcon_core.plugin_system:Skipping extension 'colcon_notification.desktop_notification.win32': Not used on non-Windows systems
[1.986s] INFO:colcon.colcon_notification.desktop_notification:Sending desktop notification using 'notify2'
[1.993s] DEBUG:colcon.colcon_core.event_reactor:joined thread
[1.993s] INFO:colcon.colcon_core.shell:Creating prefix script '/home/daopctn/ros2_ws/install/local_setup.ps1'
[1.994s] INFO:colcon.colcon_core.shell:Creating prefix util module '/home/daopctn/ros2_ws/install/_local_setup_util_ps1.py'
[1.995s] INFO:colcon.colcon_core.shell:Creating prefix chain script '/home/daopctn/ros2_ws/install/setup.ps1'
[1.996s] INFO:colcon.colcon_core.shell:Creating prefix script '/home/daopctn/ros2_ws/install/local_setup.sh'
[1.997s] INFO:colcon.colcon_core.shell:Creating prefix util module '/home/daopctn/ros2_ws/install/_local_setup_util_sh.py'
[1.997s] INFO:colcon.colcon_core.shell:Creating prefix chain script '/home/daopctn/ros2_ws/install/setup.sh'
[1.998s] INFO:colcon.colcon_core.shell:Creating prefix script '/home/daopctn/ros2_ws/install/local_setup.bash'
[1.999s] INFO:colcon.colcon_core.shell:Creating prefix chain script '/home/daopctn/ros2_ws/install/setup.bash'
[2.000s] INFO:colcon.colcon_core.shell:Creating prefix script '/home/daopctn/ros2_ws/install/local_setup.zsh'
[2.000s] INFO:colcon.colcon_core.shell:Creating prefix chain script '/home/daopctn/ros2_ws/install/setup.zsh'
