-- Found ament_cmake: 1.3.11 (/opt/ros/humble/share/ament_cmake/cmake)
-- Override CMake install command with custom implementation using symlinks instead of copying resources
-- Found rosidl_default_generators: 1.2.0 (/opt/ros/humble/share/rosidl_default_generators/cmake)
-- Using all available rosidl_typesupport_c: rosidl_typesupport_fastrtps_c;rosidl_typesupport_introspection_c
-- Found rosidl_adapter: 3.1.6 (/opt/ros/humble/share/rosidl_adapter/cmake)
-- Using all available rosidl_typesupport_cpp: rosidl_typesupport_fastrtps_cpp;rosidl_typesupport_introspection_cpp
-- Found std_msgs: 4.2.4 (/opt/ros/humble/share/std_msgs/cmake)
-- Found unique_identifier_msgs: 2.2.1 (/opt/ros/humble/share/unique_identifier_msgs/cmake)
-- Found geometry_msgs: 4.2.4 (/opt/ros/humble/share/geometry_msgs/cmake)
-- Found ament_cmake_ros: 0.10.0 (/opt/ros/humble/share/ament_cmake_ros/cmake)
-- Using all available rosidl_typesupport_c: rosidl_typesupport_fastrtps_c;rosidl_typesupport_introspection_c
-- Using all available rosidl_typesupport_cpp: rosidl_typesupport_fastrtps_cpp;rosidl_typesupport_introspection_cpp
-- Found python_cmake_module: 0.10.0 (/opt/ros/humble/share/python_cmake_module/cmake)
-- Using PYTHON_EXECUTABLE: /usr/bin/python3
-- Using PYTHON_INCLUDE_DIRS: /usr/include/python3.10
-- Using PYTHON_LIBRARIES: /usr/lib/x86_64-linux-gnu/libpython3.10.so
-- Configuring done
-- Generating done
-- Build files have been written to: /home/daopctn/ros2_ws/build/nav2_dynamic_msgs
[  2%] [34m[1mGenerating C code for ROS interfaces[0m
[  5%] [34m[1mGenerating C++ code for ROS interfaces[0m
[  5%] Built target ament_cmake_python_symlink_nav2_dynamic_msgs
running egg_info
writing nav2_dynamic_msgs.egg-info/PKG-INFO
writing dependency_links to nav2_dynamic_msgs.egg-info/dependency_links.txt
writing top-level names to nav2_dynamic_msgs.egg-info/top_level.txt
reading manifest file 'nav2_dynamic_msgs.egg-info/SOURCES.txt'
writing manifest file 'nav2_dynamic_msgs.egg-info/SOURCES.txt'
[35m[1mConsolidate compiler generated dependencies of target nav2_dynamic_msgs__rosidl_generator_c[0m
[  5%] Built target nav2_dynamic_msgs__cpp
[  5%] Built target ament_cmake_python_build_nav2_dynamic_msgs_egg
[  7%] [32mBuilding C object CMakeFiles/nav2_dynamic_msgs__rosidl_generator_c.dir/rosidl_generator_c/nav2_dynamic_msgs/msg/detail/obstacle__functions.c.o[0m
[ 10%] [32mBuilding C object CMakeFiles/nav2_dynamic_msgs__rosidl_generator_c.dir/rosidl_generator_c/nav2_dynamic_msgs/msg/detail/obstacle_array__functions.c.o[0m
[ 15%] [34m[1mGenerating C++ type support for eProsima Fast-RTPS[0m
[ 15%] [34m[1mGenerating C++ type support dispatch for ROS interfaces[0m
[ 17%] [34m[1mGenerating C++ introspection for ROS interfaces[0m
[35m[1mConsolidate compiler generated dependencies of target nav2_dynamic_msgs__rosidl_typesupport_cpp[0m
[ 23%] [32mBuilding CXX object CMakeFiles/nav2_dynamic_msgs__rosidl_typesupport_cpp.dir/rosidl_typesupport_cpp/nav2_dynamic_msgs/msg/obstacle__type_support.cpp.o[0m
[ 23%] [32mBuilding CXX object CMakeFiles/nav2_dynamic_msgs__rosidl_typesupport_cpp.dir/rosidl_typesupport_cpp/nav2_dynamic_msgs/msg/obstacle_array__type_support.cpp.o[0m
[35m[1mConsolidate compiler generated dependencies of target nav2_dynamic_msgs__rosidl_typesupport_introspection_cpp[0m
[ 25%] [32mBuilding CXX object CMakeFiles/nav2_dynamic_msgs__rosidl_typesupport_introspection_cpp.dir/rosidl_typesupport_introspection_cpp/nav2_dynamic_msgs/msg/detail/obstacle__type_support.cpp.o[0m
[ 28%] [32mBuilding CXX object CMakeFiles/nav2_dynamic_msgs__rosidl_typesupport_introspection_cpp.dir/rosidl_typesupport_introspection_cpp/nav2_dynamic_msgs/msg/detail/obstacle_array__type_support.cpp.o[0m
[35m[1mConsolidate compiler generated dependencies of target nav2_dynamic_msgs__rosidl_typesupport_fastrtps_cpp[0m
[ 30%] [32mBuilding CXX object CMakeFiles/nav2_dynamic_msgs__rosidl_typesupport_fastrtps_cpp.dir/rosidl_typesupport_fastrtps_cpp/nav2_dynamic_msgs/msg/detail/dds_fastrtps/obstacle__type_support.cpp.o[0m
[ 33%] [32mBuilding CXX object CMakeFiles/nav2_dynamic_msgs__rosidl_typesupport_fastrtps_cpp.dir/rosidl_typesupport_fastrtps_cpp/nav2_dynamic_msgs/msg/detail/dds_fastrtps/obstacle_array__type_support.cpp.o[0m
