-- Found ament_cmake: 1.3.11 (/opt/ros/humble/share/ament_cmake/cmake)
-- Override CMake install command with custom implementation using symlinks instead of copying resources
-- Found rosidl_default_generators: 1.2.0 (/opt/ros/humble/share/rosidl_default_generators/cmake)
-- Using all available rosidl_typesupport_c: rosidl_typesupport_fastrtps_c;rosidl_typesupport_introspection_c
-- Found rosidl_adapter: 3.1.6 (/opt/ros/humble/share/rosidl_adapter/cmake)
-- Using all available rosidl_typesupport_cpp: rosidl_typesupport_fastrtps_cpp;rosidl_typesupport_introspection_cpp
-- Found std_msgs: 4.2.4 (/opt/ros/humble/share/std_msgs/cmake)
-- Found unique_identifier_msgs: 2.2.1 (/opt/ros/humble/share/unique_identifier_msgs/cmake)
-- Found geometry_msgs: 4.2.4 (/opt/ros/humble/share/geometry_msgs/cmake)
-- Found ament_cmake_ros: 0.10.0 (/opt/ros/humble/share/ament_cmake_ros/cmake)
-- Using all available rosidl_typesupport_c: rosidl_typesupport_fastrtps_c;rosidl_typesupport_introspection_c
-- Using all available rosidl_typesupport_cpp: rosidl_typesupport_fastrtps_cpp;rosidl_typesupport_introspection_cpp
-- Found python_cmake_module: 0.10.0 (/opt/ros/humble/share/python_cmake_module/cmake)
-- Using PYTHON_EXECUTABLE: /usr/bin/python3
-- Using PYTHON_INCLUDE_DIRS: /usr/include/python3.10
-- Using PYTHON_LIBRARIES: /usr/lib/x86_64-linux-gnu/libpython3.10.so
-- Configuring done
-- Generating done
-- Build files have been written to: /home/daopctn/ros2_ws/build/nav2_dynamic_msgs
[35m[1mConsolidate compiler generated dependencies of target nav2_dynamic_msgs__rosidl_generator_c[0m
[  2%] Built target nav2_dynamic_msgs__cpp
[  5%] [32mBuilding C object CMakeFiles/nav2_dynamic_msgs__rosidl_generator_c.dir/rosidl_generator_c/nav2_dynamic_msgs/msg/detail/obstacle__functions.c.o[0m
[  7%] [32mBuilding C object CMakeFiles/nav2_dynamic_msgs__rosidl_generator_c.dir/rosidl_generator_c/nav2_dynamic_msgs/msg/detail/obstacle_array__functions.c.o[0m
[  7%] Built target ament_cmake_python_symlink_nav2_dynamic_msgs
[35m[1mConsolidate compiler generated dependencies of target nav2_dynamic_msgs__rosidl_typesupport_fastrtps_cpp[0m
[35m[1mConsolidate compiler generated dependencies of target nav2_dynamic_msgs__rosidl_typesupport_introspection_cpp[0m
[35m[1mConsolidate compiler generated dependencies of target nav2_dynamic_msgs__rosidl_typesupport_cpp[0m
[ 10%] [32mBuilding CXX object CMakeFiles/nav2_dynamic_msgs__rosidl_typesupport_introspection_cpp.dir/rosidl_typesupport_introspection_cpp/nav2_dynamic_msgs/msg/detail/obstacle__type_support.cpp.o[0m
[ 15%] [32mBuilding CXX object CMakeFiles/nav2_dynamic_msgs__rosidl_typesupport_cpp.dir/rosidl_typesupport_cpp/nav2_dynamic_msgs/msg/obstacle__type_support.cpp.o[0m
[ 15%] [32mBuilding CXX object CMakeFiles/nav2_dynamic_msgs__rosidl_typesupport_fastrtps_cpp.dir/rosidl_typesupport_fastrtps_cpp/nav2_dynamic_msgs/msg/detail/dds_fastrtps/obstacle__type_support.cpp.o[0m
[ 20%] [32mBuilding CXX object CMakeFiles/nav2_dynamic_msgs__rosidl_typesupport_introspection_cpp.dir/rosidl_typesupport_introspection_cpp/nav2_dynamic_msgs/msg/detail/obstacle_array__type_support.cpp.o[0m
[ 17%] [32mBuilding CXX object CMakeFiles/nav2_dynamic_msgs__rosidl_typesupport_fastrtps_cpp.dir/rosidl_typesupport_fastrtps_cpp/nav2_dynamic_msgs/msg/detail/dds_fastrtps/obstacle_array__type_support.cpp.o[0m
[ 23%] [32mBuilding CXX object CMakeFiles/nav2_dynamic_msgs__rosidl_typesupport_cpp.dir/rosidl_typesupport_cpp/nav2_dynamic_msgs/msg/obstacle_array__type_support.cpp.o[0m
[ 25%] [32m[1mLinking C shared library libnav2_dynamic_msgs__rosidl_generator_c.so[0m
[ 28%] Built target nav2_dynamic_msgs__rosidl_generator_c
[ 35%] [34m[1mGenerating C type support for eProsima Fast-RTPS[0m
[ 35%] [34m[1mGenerating C type support dispatch for ROS interfaces[0m
[ 35%] [34m[1mGenerating C introspection for ROS interfaces[0m
[ 38%] [32m[1mLinking CXX shared library libnav2_dynamic_msgs__rosidl_typesupport_cpp.so[0m
[ 41%] Built target nav2_dynamic_msgs__rosidl_typesupport_cpp
running egg_info
writing nav2_dynamic_msgs.egg-info/PKG-INFO
writing dependency_links to nav2_dynamic_msgs.egg-info/dependency_links.txt
writing top-level names to nav2_dynamic_msgs.egg-info/top_level.txt
reading manifest file 'nav2_dynamic_msgs.egg-info/SOURCES.txt'
writing manifest file 'nav2_dynamic_msgs.egg-info/SOURCES.txt'
[ 46%] [32mBuilding C object CMakeFiles/nav2_dynamic_msgs__rosidl_typesupport_introspection_c.dir/rosidl_typesupport_introspection_c/nav2_dynamic_msgs/msg/detail/obstacle_array__type_support.c.o[0m
[ 46%] [32mBuilding C object CMakeFiles/nav2_dynamic_msgs__rosidl_typesupport_introspection_c.dir/rosidl_typesupport_introspection_c/nav2_dynamic_msgs/msg/detail/obstacle__type_support.c.o[0m
[ 46%] Built target ament_cmake_python_build_nav2_dynamic_msgs_egg
[ 48%] [32m[1mLinking C shared library libnav2_dynamic_msgs__rosidl_typesupport_introspection_c.so[0m
[ 51%] [32m[1mLinking CXX shared library libnav2_dynamic_msgs__rosidl_typesupport_fastrtps_cpp.so[0m
[ 53%] [32mBuilding CXX object CMakeFiles/nav2_dynamic_msgs__rosidl_typesupport_c.dir/rosidl_typesupport_c/nav2_dynamic_msgs/msg/obstacle_array__type_support.cpp.o[0m
[ 56%] [32mBuilding CXX object CMakeFiles/nav2_dynamic_msgs__rosidl_typesupport_c.dir/rosidl_typesupport_c/nav2_dynamic_msgs/msg/obstacle__type_support.cpp.o[0m
[ 58%] [32m[1mLinking CXX shared library libnav2_dynamic_msgs__rosidl_typesupport_introspection_cpp.so[0m
[ 58%] Built target nav2_dynamic_msgs__rosidl_typesupport_introspection_c
[ 61%] [32mBuilding CXX object CMakeFiles/nav2_dynamic_msgs__rosidl_typesupport_fastrtps_c.dir/rosidl_typesupport_fastrtps_c/nav2_dynamic_msgs/msg/detail/obstacle__type_support_c.cpp.o[0m
[ 64%] [32mBuilding CXX object CMakeFiles/nav2_dynamic_msgs__rosidl_typesupport_fastrtps_c.dir/rosidl_typesupport_fastrtps_c/nav2_dynamic_msgs/msg/detail/obstacle_array__type_support_c.cpp.o[0m
[ 66%] [32m[1mLinking CXX shared library libnav2_dynamic_msgs__rosidl_typesupport_c.so[0m
[ 66%] Built target nav2_dynamic_msgs__rosidl_typesupport_c
[ 69%] Built target nav2_dynamic_msgs__rosidl_typesupport_fastrtps_cpp
[ 71%] Built target nav2_dynamic_msgs__rosidl_typesupport_introspection_cpp
[ 74%] [32m[1mLinking CXX shared library libnav2_dynamic_msgs__rosidl_typesupport_fastrtps_c.so[0m
[ 74%] Built target nav2_dynamic_msgs__rosidl_typesupport_fastrtps_c
[ 74%] Built target nav2_dynamic_msgs
[ 76%] [34m[1mGenerating Python code for ROS interfaces[0m
[ 76%] Built target nav2_dynamic_msgs__py
[ 82%] [32mBuilding C object CMakeFiles/nav2_dynamic_msgs__rosidl_generator_py.dir/rosidl_generator_py/nav2_dynamic_msgs/msg/_obstacle_s.c.o[0m
[ 82%] [32mBuilding C object CMakeFiles/nav2_dynamic_msgs__rosidl_generator_py.dir/rosidl_generator_py/nav2_dynamic_msgs/msg/_obstacle_array_s.c.o[0m
[ 84%] [32m[1mLinking C shared library rosidl_generator_py/nav2_dynamic_msgs/libnav2_dynamic_msgs__rosidl_generator_py.so[0m
[ 84%] Built target nav2_dynamic_msgs__rosidl_generator_py
[ 92%] [32mBuilding C object CMakeFiles/nav2_dynamic_msgs__rosidl_typesupport_fastrtps_c__pyext.dir/rosidl_generator_py/nav2_dynamic_msgs/_nav2_dynamic_msgs_s.ep.rosidl_typesupport_fastrtps_c.c.o[0m
[ 92%] [32mBuilding C object CMakeFiles/nav2_dynamic_msgs__rosidl_typesupport_c__pyext.dir/rosidl_generator_py/nav2_dynamic_msgs/_nav2_dynamic_msgs_s.ep.rosidl_typesupport_c.c.o[0m
[ 92%] [32mBuilding C object CMakeFiles/nav2_dynamic_msgs__rosidl_typesupport_introspection_c__pyext.dir/rosidl_generator_py/nav2_dynamic_msgs/_nav2_dynamic_msgs_s.ep.rosidl_typesupport_introspection_c.c.o[0m
[ 94%] [32m[1mLinking C shared library rosidl_generator_py/nav2_dynamic_msgs/nav2_dynamic_msgs_s__rosidl_typesupport_introspection_c.cpython-310-x86_64-linux-gnu.so[0m
[ 97%] [32m[1mLinking C shared library rosidl_generator_py/nav2_dynamic_msgs/nav2_dynamic_msgs_s__rosidl_typesupport_fastrtps_c.cpython-310-x86_64-linux-gnu.so[0m
[100%] [32m[1mLinking C shared library rosidl_generator_py/nav2_dynamic_msgs/nav2_dynamic_msgs_s__rosidl_typesupport_c.cpython-310-x86_64-linux-gnu.so[0m
[100%] Built target nav2_dynamic_msgs__rosidl_typesupport_c__pyext
[100%] Built target nav2_dynamic_msgs__rosidl_typesupport_fastrtps_c__pyext
[100%] Built target nav2_dynamic_msgs__rosidl_typesupport_introspection_c__pyext
-- Install configuration: ""
-- Execute custom install script
-- Symlinking: /home/daopctn/ros2_ws/install/nav2_dynamic_msgs/share/ament_index/resource_index/rosidl_interfaces/nav2_dynamic_msgs
-- Symlinking: /home/daopctn/ros2_ws/install/nav2_dynamic_msgs/include/nav2_dynamic_msgs/nav2_dynamic_msgs/msg/detail/obstacle__functions.h
-- Symlinking: /home/daopctn/ros2_ws/install/nav2_dynamic_msgs/include/nav2_dynamic_msgs/nav2_dynamic_msgs/msg/detail/obstacle__struct.h
-- Symlinking: /home/daopctn/ros2_ws/install/nav2_dynamic_msgs/include/nav2_dynamic_msgs/nav2_dynamic_msgs/msg/detail/obstacle__type_support.h
-- Symlinking: /home/daopctn/ros2_ws/install/nav2_dynamic_msgs/include/nav2_dynamic_msgs/nav2_dynamic_msgs/msg/detail/obstacle_array__functions.h
-- Symlinking: /home/daopctn/ros2_ws/install/nav2_dynamic_msgs/include/nav2_dynamic_msgs/nav2_dynamic_msgs/msg/detail/obstacle_array__struct.h
-- Symlinking: /home/daopctn/ros2_ws/install/nav2_dynamic_msgs/include/nav2_dynamic_msgs/nav2_dynamic_msgs/msg/detail/obstacle_array__type_support.h
-- Symlinking: /home/daopctn/ros2_ws/install/nav2_dynamic_msgs/include/nav2_dynamic_msgs/nav2_dynamic_msgs/msg/obstacle.h
-- Symlinking: /home/daopctn/ros2_ws/install/nav2_dynamic_msgs/include/nav2_dynamic_msgs/nav2_dynamic_msgs/msg/obstacle_array.h
-- Symlinking: /home/daopctn/ros2_ws/install/nav2_dynamic_msgs/include/nav2_dynamic_msgs/nav2_dynamic_msgs/msg/rosidl_generator_c__visibility_control.h
-- Symlinking: /home/daopctn/ros2_ws/install/nav2_dynamic_msgs/share/nav2_dynamic_msgs/environment/library_path.sh
-- Symlinking: /home/daopctn/ros2_ws/install/nav2_dynamic_msgs/share/nav2_dynamic_msgs/environment/library_path.dsv
-- Symlinking: /home/daopctn/ros2_ws/install/nav2_dynamic_msgs/include/nav2_dynamic_msgs/nav2_dynamic_msgs/msg/detail/obstacle__rosidl_typesupport_fastrtps_c.h
-- Symlinking: /home/daopctn/ros2_ws/install/nav2_dynamic_msgs/include/nav2_dynamic_msgs/nav2_dynamic_msgs/msg/detail/obstacle_array__rosidl_typesupport_fastrtps_c.h
-- Symlinking: /home/daopctn/ros2_ws/install/nav2_dynamic_msgs/include/nav2_dynamic_msgs/nav2_dynamic_msgs/msg/rosidl_typesupport_fastrtps_c__visibility_control.h
-- Symlinking: /home/daopctn/ros2_ws/install/nav2_dynamic_msgs/include/nav2_dynamic_msgs/nav2_dynamic_msgs/msg/detail/obstacle__rosidl_typesupport_introspection_c.h
-- Symlinking: /home/daopctn/ros2_ws/install/nav2_dynamic_msgs/include/nav2_dynamic_msgs/nav2_dynamic_msgs/msg/detail/obstacle_array__rosidl_typesupport_introspection_c.h
-- Symlinking: /home/daopctn/ros2_ws/install/nav2_dynamic_msgs/include/nav2_dynamic_msgs/nav2_dynamic_msgs/msg/rosidl_typesupport_introspection_c__visibility_control.h
-- Symlinking: /home/daopctn/ros2_ws/install/nav2_dynamic_msgs/include/nav2_dynamic_msgs/nav2_dynamic_msgs/msg/detail/obstacle__builder.hpp
-- Symlinking: /home/daopctn/ros2_ws/install/nav2_dynamic_msgs/include/nav2_dynamic_msgs/nav2_dynamic_msgs/msg/detail/obstacle__struct.hpp
-- Symlinking: /home/daopctn/ros2_ws/install/nav2_dynamic_msgs/include/nav2_dynamic_msgs/nav2_dynamic_msgs/msg/detail/obstacle__traits.hpp
-- Symlinking: /home/daopctn/ros2_ws/install/nav2_dynamic_msgs/include/nav2_dynamic_msgs/nav2_dynamic_msgs/msg/detail/obstacle__type_support.hpp
-- Symlinking: /home/daopctn/ros2_ws/install/nav2_dynamic_msgs/include/nav2_dynamic_msgs/nav2_dynamic_msgs/msg/detail/obstacle_array__builder.hpp
-- Symlinking: /home/daopctn/ros2_ws/install/nav2_dynamic_msgs/include/nav2_dynamic_msgs/nav2_dynamic_msgs/msg/detail/obstacle_array__struct.hpp
-- Symlinking: /home/daopctn/ros2_ws/install/nav2_dynamic_msgs/include/nav2_dynamic_msgs/nav2_dynamic_msgs/msg/detail/obstacle_array__traits.hpp
-- Symlinking: /home/daopctn/ros2_ws/install/nav2_dynamic_msgs/include/nav2_dynamic_msgs/nav2_dynamic_msgs/msg/detail/obstacle_array__type_support.hpp
-- Symlinking: /home/daopctn/ros2_ws/install/nav2_dynamic_msgs/include/nav2_dynamic_msgs/nav2_dynamic_msgs/msg/obstacle.hpp
-- Symlinking: /home/daopctn/ros2_ws/install/nav2_dynamic_msgs/include/nav2_dynamic_msgs/nav2_dynamic_msgs/msg/obstacle_array.hpp
-- Symlinking: /home/daopctn/ros2_ws/install/nav2_dynamic_msgs/include/nav2_dynamic_msgs/nav2_dynamic_msgs/msg/rosidl_generator_cpp__visibility_control.hpp
-- Symlinking: /home/daopctn/ros2_ws/install/nav2_dynamic_msgs/include/nav2_dynamic_msgs/nav2_dynamic_msgs/msg/detail/obstacle__rosidl_typesupport_fastrtps_cpp.hpp
-- Symlinking: /home/daopctn/ros2_ws/install/nav2_dynamic_msgs/include/nav2_dynamic_msgs/nav2_dynamic_msgs/msg/detail/obstacle_array__rosidl_typesupport_fastrtps_cpp.hpp
-- Symlinking: /home/daopctn/ros2_ws/install/nav2_dynamic_msgs/include/nav2_dynamic_msgs/nav2_dynamic_msgs/msg/rosidl_typesupport_fastrtps_cpp__visibility_control.h
-- Symlinking: /home/daopctn/ros2_ws/install/nav2_dynamic_msgs/include/nav2_dynamic_msgs/nav2_dynamic_msgs/msg/detail/obstacle__rosidl_typesupport_introspection_cpp.hpp
-- Symlinking: /home/daopctn/ros2_ws/install/nav2_dynamic_msgs/include/nav2_dynamic_msgs/nav2_dynamic_msgs/msg/detail/obstacle_array__rosidl_typesupport_introspection_cpp.hpp
-- Symlinking: /home/daopctn/ros2_ws/install/nav2_dynamic_msgs/share/nav2_dynamic_msgs/environment/pythonpath.sh
-- Symlinking: /home/daopctn/ros2_ws/install/nav2_dynamic_msgs/share/nav2_dynamic_msgs/environment/pythonpath.dsv
-- Symlinking: /home/daopctn/ros2_ws/install/nav2_dynamic_msgs/local/lib/python3.10/dist-packages/nav2_dynamic_msgs-0.0.0-py3.10.egg-info/PKG-INFO
-- Symlinking: /home/daopctn/ros2_ws/install/nav2_dynamic_msgs/local/lib/python3.10/dist-packages/nav2_dynamic_msgs-0.0.0-py3.10.egg-info/SOURCES.txt
-- Symlinking: /home/daopctn/ros2_ws/install/nav2_dynamic_msgs/local/lib/python3.10/dist-packages/nav2_dynamic_msgs-0.0.0-py3.10.egg-info/dependency_links.txt
-- Symlinking: /home/daopctn/ros2_ws/install/nav2_dynamic_msgs/local/lib/python3.10/dist-packages/nav2_dynamic_msgs-0.0.0-py3.10.egg-info/top_level.txt
-- Symlinking: /home/daopctn/ros2_ws/install/nav2_dynamic_msgs/local/lib/python3.10/dist-packages/nav2_dynamic_msgs/__init__.py
-- Symlinking: /home/daopctn/ros2_ws/install/nav2_dynamic_msgs/local/lib/python3.10/dist-packages/nav2_dynamic_msgs/_nav2_dynamic_msgs_s.ep.rosidl_typesupport_c.c
-- Symlinking: /home/daopctn/ros2_ws/install/nav2_dynamic_msgs/local/lib/python3.10/dist-packages/nav2_dynamic_msgs/_nav2_dynamic_msgs_s.ep.rosidl_typesupport_fastrtps_c.c
-- Symlinking: /home/daopctn/ros2_ws/install/nav2_dynamic_msgs/local/lib/python3.10/dist-packages/nav2_dynamic_msgs/_nav2_dynamic_msgs_s.ep.rosidl_typesupport_introspection_c.c
-- Symlinking: /home/daopctn/ros2_ws/install/nav2_dynamic_msgs/local/lib/python3.10/dist-packages/nav2_dynamic_msgs/libnav2_dynamic_msgs__rosidl_generator_py.so
-- Symlinking: /home/daopctn/ros2_ws/install/nav2_dynamic_msgs/local/lib/python3.10/dist-packages/nav2_dynamic_msgs/msg/__init__.py
-- Symlinking: /home/daopctn/ros2_ws/install/nav2_dynamic_msgs/local/lib/python3.10/dist-packages/nav2_dynamic_msgs/msg/_obstacle.py
-- Symlinking: /home/daopctn/ros2_ws/install/nav2_dynamic_msgs/local/lib/python3.10/dist-packages/nav2_dynamic_msgs/msg/_obstacle_array.py
-- Symlinking: /home/daopctn/ros2_ws/install/nav2_dynamic_msgs/local/lib/python3.10/dist-packages/nav2_dynamic_msgs/msg/_obstacle_array_s.c
-- Symlinking: /home/daopctn/ros2_ws/install/nav2_dynamic_msgs/local/lib/python3.10/dist-packages/nav2_dynamic_msgs/msg/_obstacle_s.c
-- Symlinking: /home/daopctn/ros2_ws/install/nav2_dynamic_msgs/local/lib/python3.10/dist-packages/nav2_dynamic_msgs/nav2_dynamic_msgs_s__rosidl_typesupport_c.cpython-310-x86_64-linux-gnu.so
-- Symlinking: /home/daopctn/ros2_ws/install/nav2_dynamic_msgs/local/lib/python3.10/dist-packages/nav2_dynamic_msgs/nav2_dynamic_msgs_s__rosidl_typesupport_fastrtps_c.cpython-310-x86_64-linux-gnu.so
-- Symlinking: /home/daopctn/ros2_ws/install/nav2_dynamic_msgs/local/lib/python3.10/dist-packages/nav2_dynamic_msgs/nav2_dynamic_msgs_s__rosidl_typesupport_introspection_c.cpython-310-x86_64-linux-gnu.so
-- Up-to-date symlink: /home/daopctn/ros2_ws/install/nav2_dynamic_msgs/local/lib/python3.10/dist-packages/nav2_dynamic_msgs/nav2_dynamic_msgs_s__rosidl_typesupport_fastrtps_c.cpython-310-x86_64-linux-gnu.so
-- Up-to-date symlink: /home/daopctn/ros2_ws/install/nav2_dynamic_msgs/local/lib/python3.10/dist-packages/nav2_dynamic_msgs/nav2_dynamic_msgs_s__rosidl_typesupport_introspection_c.cpython-310-x86_64-linux-gnu.so
-- Up-to-date symlink: /home/daopctn/ros2_ws/install/nav2_dynamic_msgs/local/lib/python3.10/dist-packages/nav2_dynamic_msgs/nav2_dynamic_msgs_s__rosidl_typesupport_c.cpython-310-x86_64-linux-gnu.so
-- Symlinking: /home/daopctn/ros2_ws/install/nav2_dynamic_msgs/share/nav2_dynamic_msgs/msg/Obstacle.idl
-- Symlinking: /home/daopctn/ros2_ws/install/nav2_dynamic_msgs/share/nav2_dynamic_msgs/msg/ObstacleArray.idl
-- Symlinking: /home/daopctn/ros2_ws/install/nav2_dynamic_msgs/share/nav2_dynamic_msgs/msg/Obstacle.msg
-- Symlinking: /home/daopctn/ros2_ws/install/nav2_dynamic_msgs/share/nav2_dynamic_msgs/msg/ObstacleArray.msg
-- Symlinking: /home/daopctn/ros2_ws/install/nav2_dynamic_msgs/share/ament_index/resource_index/package_run_dependencies/nav2_dynamic_msgs
-- Symlinking: /home/daopctn/ros2_ws/install/nav2_dynamic_msgs/share/ament_index/resource_index/parent_prefix_path/nav2_dynamic_msgs
-- Symlinking: /home/daopctn/ros2_ws/install/nav2_dynamic_msgs/share/nav2_dynamic_msgs/environment/ament_prefix_path.sh
-- Symlinking: /home/daopctn/ros2_ws/install/nav2_dynamic_msgs/share/nav2_dynamic_msgs/environment/ament_prefix_path.dsv
-- Symlinking: /home/daopctn/ros2_ws/install/nav2_dynamic_msgs/share/nav2_dynamic_msgs/environment/path.sh
-- Symlinking: /home/daopctn/ros2_ws/install/nav2_dynamic_msgs/share/nav2_dynamic_msgs/environment/path.dsv
-- Symlinking: /home/daopctn/ros2_ws/install/nav2_dynamic_msgs/share/nav2_dynamic_msgs/local_setup.bash
-- Symlinking: /home/daopctn/ros2_ws/install/nav2_dynamic_msgs/share/nav2_dynamic_msgs/local_setup.sh
-- Symlinking: /home/daopctn/ros2_ws/install/nav2_dynamic_msgs/share/nav2_dynamic_msgs/local_setup.zsh
-- Symlinking: /home/daopctn/ros2_ws/install/nav2_dynamic_msgs/share/nav2_dynamic_msgs/local_setup.dsv
-- Symlinking: /home/daopctn/ros2_ws/install/nav2_dynamic_msgs/share/nav2_dynamic_msgs/package.dsv
-- Symlinking: /home/daopctn/ros2_ws/install/nav2_dynamic_msgs/share/ament_index/resource_index/packages/nav2_dynamic_msgs
-- Symlinking: /home/daopctn/ros2_ws/install/nav2_dynamic_msgs/share/nav2_dynamic_msgs/cmake/rosidl_cmake-extras.cmake
-- Symlinking: /home/daopctn/ros2_ws/install/nav2_dynamic_msgs/share/nav2_dynamic_msgs/cmake/ament_cmake_export_dependencies-extras.cmake
-- Symlinking: /home/daopctn/ros2_ws/install/nav2_dynamic_msgs/share/nav2_dynamic_msgs/cmake/ament_cmake_export_include_directories-extras.cmake
-- Symlinking: /home/daopctn/ros2_ws/install/nav2_dynamic_msgs/share/nav2_dynamic_msgs/cmake/ament_cmake_export_libraries-extras.cmake
-- Symlinking: /home/daopctn/ros2_ws/install/nav2_dynamic_msgs/share/nav2_dynamic_msgs/cmake/ament_cmake_export_targets-extras.cmake
-- Symlinking: /home/daopctn/ros2_ws/install/nav2_dynamic_msgs/share/nav2_dynamic_msgs/cmake/rosidl_cmake_export_typesupport_targets-extras.cmake
-- Symlinking: /home/daopctn/ros2_ws/install/nav2_dynamic_msgs/share/nav2_dynamic_msgs/cmake/rosidl_cmake_export_typesupport_libraries-extras.cmake
-- Symlinking: /home/daopctn/ros2_ws/install/nav2_dynamic_msgs/share/nav2_dynamic_msgs/cmake/nav2_dynamic_msgsConfig.cmake
-- Symlinking: /home/daopctn/ros2_ws/install/nav2_dynamic_msgs/share/nav2_dynamic_msgs/cmake/nav2_dynamic_msgsConfig-version.cmake
-- Symlinking: /home/daopctn/ros2_ws/install/nav2_dynamic_msgs/share/nav2_dynamic_msgs/package.xml
-- Installing: /home/daopctn/ros2_ws/install/nav2_dynamic_msgs/lib/libnav2_dynamic_msgs__rosidl_generator_c.so
-- Set runtime path of "/home/daopctn/ros2_ws/install/nav2_dynamic_msgs/lib/libnav2_dynamic_msgs__rosidl_generator_c.so" to ""
-- Installing: /home/daopctn/ros2_ws/install/nav2_dynamic_msgs/lib/libnav2_dynamic_msgs__rosidl_typesupport_fastrtps_c.so
-- Set runtime path of "/home/daopctn/ros2_ws/install/nav2_dynamic_msgs/lib/libnav2_dynamic_msgs__rosidl_typesupport_fastrtps_c.so" to ""
-- Installing: /home/daopctn/ros2_ws/install/nav2_dynamic_msgs/lib/libnav2_dynamic_msgs__rosidl_typesupport_introspection_c.so
-- Set runtime path of "/home/daopctn/ros2_ws/install/nav2_dynamic_msgs/lib/libnav2_dynamic_msgs__rosidl_typesupport_introspection_c.so" to ""
-- Installing: /home/daopctn/ros2_ws/install/nav2_dynamic_msgs/lib/libnav2_dynamic_msgs__rosidl_typesupport_c.so
-- Set runtime path of "/home/daopctn/ros2_ws/install/nav2_dynamic_msgs/lib/libnav2_dynamic_msgs__rosidl_typesupport_c.so" to ""
-- Installing: /home/daopctn/ros2_ws/install/nav2_dynamic_msgs/lib/libnav2_dynamic_msgs__rosidl_typesupport_fastrtps_cpp.so
-- Set runtime path of "/home/daopctn/ros2_ws/install/nav2_dynamic_msgs/lib/libnav2_dynamic_msgs__rosidl_typesupport_fastrtps_cpp.so" to ""
-- Installing: /home/daopctn/ros2_ws/install/nav2_dynamic_msgs/lib/libnav2_dynamic_msgs__rosidl_typesupport_introspection_cpp.so
-- Set runtime path of "/home/daopctn/ros2_ws/install/nav2_dynamic_msgs/lib/libnav2_dynamic_msgs__rosidl_typesupport_introspection_cpp.so" to ""
-- Installing: /home/daopctn/ros2_ws/install/nav2_dynamic_msgs/lib/libnav2_dynamic_msgs__rosidl_typesupport_cpp.so
-- Set runtime path of "/home/daopctn/ros2_ws/install/nav2_dynamic_msgs/lib/libnav2_dynamic_msgs__rosidl_typesupport_cpp.so" to ""
Listing '/home/daopctn/ros2_ws/install/nav2_dynamic_msgs/local/lib/python3.10/dist-packages/nav2_dynamic_msgs'...
Compiling '/home/daopctn/ros2_ws/install/nav2_dynamic_msgs/local/lib/python3.10/dist-packages/nav2_dynamic_msgs/__init__.py'...
Listing '/home/daopctn/ros2_ws/install/nav2_dynamic_msgs/local/lib/python3.10/dist-packages/nav2_dynamic_msgs/msg'...
Compiling '/home/daopctn/ros2_ws/install/nav2_dynamic_msgs/local/lib/python3.10/dist-packages/nav2_dynamic_msgs/msg/__init__.py'...
Compiling '/home/daopctn/ros2_ws/install/nav2_dynamic_msgs/local/lib/python3.10/dist-packages/nav2_dynamic_msgs/msg/_obstacle.py'...
Compiling '/home/daopctn/ros2_ws/install/nav2_dynamic_msgs/local/lib/python3.10/dist-packages/nav2_dynamic_msgs/msg/_obstacle_array.py'...
-- Installing: /home/daopctn/ros2_ws/install/nav2_dynamic_msgs/lib/libnav2_dynamic_msgs__rosidl_generator_py.so
-- Set runtime path of "/home/daopctn/ros2_ws/install/nav2_dynamic_msgs/lib/libnav2_dynamic_msgs__rosidl_generator_py.so" to ""
-- Installing: /home/daopctn/ros2_ws/install/nav2_dynamic_msgs/share/nav2_dynamic_msgs/cmake/export_nav2_dynamic_msgs__rosidl_generator_cExport.cmake
-- Installing: /home/daopctn/ros2_ws/install/nav2_dynamic_msgs/share/nav2_dynamic_msgs/cmake/export_nav2_dynamic_msgs__rosidl_generator_cExport-noconfig.cmake
-- Installing: /home/daopctn/ros2_ws/install/nav2_dynamic_msgs/share/nav2_dynamic_msgs/cmake/export_nav2_dynamic_msgs__rosidl_typesupport_fastrtps_cExport.cmake
-- Installing: /home/daopctn/ros2_ws/install/nav2_dynamic_msgs/share/nav2_dynamic_msgs/cmake/export_nav2_dynamic_msgs__rosidl_typesupport_fastrtps_cExport-noconfig.cmake
-- Installing: /home/daopctn/ros2_ws/install/nav2_dynamic_msgs/share/nav2_dynamic_msgs/cmake/nav2_dynamic_msgs__rosidl_typesupport_introspection_cExport.cmake
-- Installing: /home/daopctn/ros2_ws/install/nav2_dynamic_msgs/share/nav2_dynamic_msgs/cmake/nav2_dynamic_msgs__rosidl_typesupport_introspection_cExport-noconfig.cmake
-- Installing: /home/daopctn/ros2_ws/install/nav2_dynamic_msgs/share/nav2_dynamic_msgs/cmake/nav2_dynamic_msgs__rosidl_typesupport_cExport.cmake
-- Installing: /home/daopctn/ros2_ws/install/nav2_dynamic_msgs/share/nav2_dynamic_msgs/cmake/nav2_dynamic_msgs__rosidl_typesupport_cExport-noconfig.cmake
-- Installing: /home/daopctn/ros2_ws/install/nav2_dynamic_msgs/share/nav2_dynamic_msgs/cmake/export_nav2_dynamic_msgs__rosidl_generator_cppExport.cmake
-- Installing: /home/daopctn/ros2_ws/install/nav2_dynamic_msgs/share/nav2_dynamic_msgs/cmake/export_nav2_dynamic_msgs__rosidl_typesupport_fastrtps_cppExport.cmake
-- Installing: /home/daopctn/ros2_ws/install/nav2_dynamic_msgs/share/nav2_dynamic_msgs/cmake/export_nav2_dynamic_msgs__rosidl_typesupport_fastrtps_cppExport-noconfig.cmake
-- Installing: /home/daopctn/ros2_ws/install/nav2_dynamic_msgs/share/nav2_dynamic_msgs/cmake/nav2_dynamic_msgs__rosidl_typesupport_introspection_cppExport.cmake
-- Installing: /home/daopctn/ros2_ws/install/nav2_dynamic_msgs/share/nav2_dynamic_msgs/cmake/nav2_dynamic_msgs__rosidl_typesupport_introspection_cppExport-noconfig.cmake
-- Installing: /home/daopctn/ros2_ws/install/nav2_dynamic_msgs/share/nav2_dynamic_msgs/cmake/nav2_dynamic_msgs__rosidl_typesupport_cppExport.cmake
-- Installing: /home/daopctn/ros2_ws/install/nav2_dynamic_msgs/share/nav2_dynamic_msgs/cmake/nav2_dynamic_msgs__rosidl_typesupport_cppExport-noconfig.cmake
-- Installing: /home/daopctn/ros2_ws/install/nav2_dynamic_msgs/share/nav2_dynamic_msgs/cmake/export_nav2_dynamic_msgs__rosidl_generator_pyExport.cmake
-- Installing: /home/daopctn/ros2_ws/install/nav2_dynamic_msgs/share/nav2_dynamic_msgs/cmake/export_nav2_dynamic_msgs__rosidl_generator_pyExport-noconfig.cmake
