[0.015s] Invoking command in '/home/daopctn/ros2_ws/build/nav2_dynamic_msgs': CMAKE_PREFIX_PATH=${CMAKE_PREFIX_PATH}:/home/daopctn/ros2_webots_ws/install/webots_ros2:/home/daopctn/ros2_webots_ws/install/webots_ros2_universal_robot:/home/daopctn/ros2_webots_ws/install/webots_ros2_turtlebot:/home/daopctn/ros2_webots_ws/install/webots_ros2_tiago:/home/daopctn/ros2_webots_ws/install/webots_ros2_tests:/home/daopctn/ros2_webots_ws/install/webots_ros2_tesla:/home/daopctn/ros2_webots_ws/install/webots_ros2_mavic:/home/daopctn/ros2_webots_ws/install/webots_ros2_husarion:/home/daopctn/ros2_webots_ws/install/webots_ros2_epuck:/home/daopctn/ros2_webots_ws/install/webots_ros2_crazyflie:/home/daopctn/ros2_webots_ws/install/webots_ros2_importer:/home/daopctn/ros2_ws/install/ros2_costmap_to_dynamic_obstacles:/home/daopctn/turtlebot3_ws/install/turtlebot3_teleop:/home/daopctn/turtlebot3_ws/install/turtlebot3_example:/opt/ros/humble /usr/bin/cmake --build /home/daopctn/ros2_ws/build/nav2_dynamic_msgs -- -j12 -l12
[0.037s] -- Found ament_cmake: 1.3.11 (/opt/ros/humble/share/ament_cmake/cmake)
[0.151s] -- Override CMake install command with custom implementation using symlinks instead of copying resources
[0.156s] -- Found rosidl_default_generators: 1.2.0 (/opt/ros/humble/share/rosidl_default_generators/cmake)
[0.160s] -- Using all available rosidl_typesupport_c: rosidl_typesupport_fastrtps_c;rosidl_typesupport_introspection_c
[0.162s] -- Found rosidl_adapter: 3.1.6 (/opt/ros/humble/share/rosidl_adapter/cmake)
[0.186s] -- Using all available rosidl_typesupport_cpp: rosidl_typesupport_fastrtps_cpp;rosidl_typesupport_introspection_cpp
[0.206s] -- Found std_msgs: 4.2.4 (/opt/ros/humble/share/std_msgs/cmake)
[0.226s] -- Found unique_identifier_msgs: 2.2.1 (/opt/ros/humble/share/unique_identifier_msgs/cmake)
[0.233s] -- Found geometry_msgs: 4.2.4 (/opt/ros/humble/share/geometry_msgs/cmake)
[0.510s] -- Found ament_cmake_ros: 0.10.0 (/opt/ros/humble/share/ament_cmake_ros/cmake)
[0.736s] -- Using all available rosidl_typesupport_c: rosidl_typesupport_fastrtps_c;rosidl_typesupport_introspection_c
[1.032s] -- Using all available rosidl_typesupport_cpp: rosidl_typesupport_fastrtps_cpp;rosidl_typesupport_introspection_cpp
[1.053s] -- Found python_cmake_module: 0.10.0 (/opt/ros/humble/share/python_cmake_module/cmake)
[1.074s] -- Using PYTHON_EXECUTABLE: /usr/bin/python3
[1.074s] -- Using PYTHON_INCLUDE_DIRS: /usr/include/python3.10
[1.074s] -- Using PYTHON_LIBRARIES: /usr/lib/x86_64-linux-gnu/libpython3.10.so
[1.125s] -- Configuring done
[1.156s] -- Generating done
[1.166s] -- Build files have been written to: /home/daopctn/ros2_ws/build/nav2_dynamic_msgs
[1.185s] [35m[1mConsolidate compiler generated dependencies of target nav2_dynamic_msgs__rosidl_generator_c[0m
[1.193s] [  2%] Built target nav2_dynamic_msgs__cpp
[1.193s] [  5%] [32mBuilding C object CMakeFiles/nav2_dynamic_msgs__rosidl_generator_c.dir/rosidl_generator_c/nav2_dynamic_msgs/msg/detail/obstacle__functions.c.o[0m
[1.193s] [  7%] [32mBuilding C object CMakeFiles/nav2_dynamic_msgs__rosidl_generator_c.dir/rosidl_generator_c/nav2_dynamic_msgs/msg/detail/obstacle_array__functions.c.o[0m
[1.200s] [  7%] Built target ament_cmake_python_symlink_nav2_dynamic_msgs
[1.201s] [35m[1mConsolidate compiler generated dependencies of target nav2_dynamic_msgs__rosidl_typesupport_fastrtps_cpp[0m
[1.201s] [35m[1mConsolidate compiler generated dependencies of target nav2_dynamic_msgs__rosidl_typesupport_introspection_cpp[0m
[1.201s] [35m[1mConsolidate compiler generated dependencies of target nav2_dynamic_msgs__rosidl_typesupport_cpp[0m
[1.211s] [ 10%] [32mBuilding CXX object CMakeFiles/nav2_dynamic_msgs__rosidl_typesupport_introspection_cpp.dir/rosidl_typesupport_introspection_cpp/nav2_dynamic_msgs/msg/detail/obstacle__type_support.cpp.o[0m
[1.213s] [ 15%] [32mBuilding CXX object CMakeFiles/nav2_dynamic_msgs__rosidl_typesupport_cpp.dir/rosidl_typesupport_cpp/nav2_dynamic_msgs/msg/obstacle__type_support.cpp.o[0m
[1.213s] [ 15%] [32mBuilding CXX object CMakeFiles/nav2_dynamic_msgs__rosidl_typesupport_fastrtps_cpp.dir/rosidl_typesupport_fastrtps_cpp/nav2_dynamic_msgs/msg/detail/dds_fastrtps/obstacle__type_support.cpp.o[0m
[1.213s] [ 20%] [32mBuilding CXX object CMakeFiles/nav2_dynamic_msgs__rosidl_typesupport_introspection_cpp.dir/rosidl_typesupport_introspection_cpp/nav2_dynamic_msgs/msg/detail/obstacle_array__type_support.cpp.o[0m
[1.214s] [ 17%] [32mBuilding CXX object CMakeFiles/nav2_dynamic_msgs__rosidl_typesupport_fastrtps_cpp.dir/rosidl_typesupport_fastrtps_cpp/nav2_dynamic_msgs/msg/detail/dds_fastrtps/obstacle_array__type_support.cpp.o[0m
[1.214s] [ 23%] [32mBuilding CXX object CMakeFiles/nav2_dynamic_msgs__rosidl_typesupport_cpp.dir/rosidl_typesupport_cpp/nav2_dynamic_msgs/msg/obstacle_array__type_support.cpp.o[0m
[1.245s] [ 25%] [32m[1mLinking C shared library libnav2_dynamic_msgs__rosidl_generator_c.so[0m
[1.291s] [ 28%] Built target nav2_dynamic_msgs__rosidl_generator_c
[1.304s] [ 35%] [34m[1mGenerating C type support for eProsima Fast-RTPS[0m
[1.304s] [ 35%] [34m[1mGenerating C type support dispatch for ROS interfaces[0m
[1.304s] [ 35%] [34m[1mGenerating C introspection for ROS interfaces[0m
[1.473s] [ 38%] [32m[1mLinking CXX shared library libnav2_dynamic_msgs__rosidl_typesupport_cpp.so[0m
[1.507s] [ 41%] Built target nav2_dynamic_msgs__rosidl_typesupport_cpp
[1.616s] running egg_info
[1.619s] writing nav2_dynamic_msgs.egg-info/PKG-INFO
[1.619s] writing dependency_links to nav2_dynamic_msgs.egg-info/dependency_links.txt
[1.619s] writing top-level names to nav2_dynamic_msgs.egg-info/top_level.txt
[1.623s] reading manifest file 'nav2_dynamic_msgs.egg-info/SOURCES.txt'
[1.624s] writing manifest file 'nav2_dynamic_msgs.egg-info/SOURCES.txt'
[1.661s] [ 46%] [32mBuilding C object CMakeFiles/nav2_dynamic_msgs__rosidl_typesupport_introspection_c.dir/rosidl_typesupport_introspection_c/nav2_dynamic_msgs/msg/detail/obstacle_array__type_support.c.o[0m
[1.661s] [ 46%] [32mBuilding C object CMakeFiles/nav2_dynamic_msgs__rosidl_typesupport_introspection_c.dir/rosidl_typesupport_introspection_c/nav2_dynamic_msgs/msg/detail/obstacle__type_support.c.o[0m
[1.674s] [ 46%] Built target ament_cmake_python_build_nav2_dynamic_msgs_egg
[1.703s] [ 48%] [32m[1mLinking C shared library libnav2_dynamic_msgs__rosidl_typesupport_introspection_c.so[0m
[1.703s] [ 51%] [32m[1mLinking CXX shared library libnav2_dynamic_msgs__rosidl_typesupport_fastrtps_cpp.so[0m
[1.710s] [ 53%] [32mBuilding CXX object CMakeFiles/nav2_dynamic_msgs__rosidl_typesupport_c.dir/rosidl_typesupport_c/nav2_dynamic_msgs/msg/obstacle_array__type_support.cpp.o[0m
[1.710s] [ 56%] [32mBuilding CXX object CMakeFiles/nav2_dynamic_msgs__rosidl_typesupport_c.dir/rosidl_typesupport_c/nav2_dynamic_msgs/msg/obstacle__type_support.cpp.o[0m
[1.714s] [ 58%] [32m[1mLinking CXX shared library libnav2_dynamic_msgs__rosidl_typesupport_introspection_cpp.so[0m
[1.736s] [ 58%] Built target nav2_dynamic_msgs__rosidl_typesupport_introspection_c
[1.736s] [ 61%] [32mBuilding CXX object CMakeFiles/nav2_dynamic_msgs__rosidl_typesupport_fastrtps_c.dir/rosidl_typesupport_fastrtps_c/nav2_dynamic_msgs/msg/detail/obstacle__type_support_c.cpp.o[0m
[1.738s] [ 64%] [32mBuilding CXX object CMakeFiles/nav2_dynamic_msgs__rosidl_typesupport_fastrtps_c.dir/rosidl_typesupport_fastrtps_c/nav2_dynamic_msgs/msg/detail/obstacle_array__type_support_c.cpp.o[0m
[1.741s] [ 66%] [32m[1mLinking CXX shared library libnav2_dynamic_msgs__rosidl_typesupport_c.so[0m
[1.782s] [ 66%] Built target nav2_dynamic_msgs__rosidl_typesupport_c
[1.791s] [ 69%] Built target nav2_dynamic_msgs__rosidl_typesupport_fastrtps_cpp
[1.798s] [ 71%] Built target nav2_dynamic_msgs__rosidl_typesupport_introspection_cpp
[2.008s] [ 74%] [32m[1mLinking CXX shared library libnav2_dynamic_msgs__rosidl_typesupport_fastrtps_c.so[0m
[2.067s] [ 74%] Built target nav2_dynamic_msgs__rosidl_typesupport_fastrtps_c
[2.082s] [ 74%] Built target nav2_dynamic_msgs
[2.097s] [ 76%] [34m[1mGenerating Python code for ROS interfaces[0m
[2.438s] [ 76%] Built target nav2_dynamic_msgs__py
[2.454s] [ 82%] [32mBuilding C object CMakeFiles/nav2_dynamic_msgs__rosidl_generator_py.dir/rosidl_generator_py/nav2_dynamic_msgs/msg/_obstacle_s.c.o[0m
[2.454s] [ 82%] [32mBuilding C object CMakeFiles/nav2_dynamic_msgs__rosidl_generator_py.dir/rosidl_generator_py/nav2_dynamic_msgs/msg/_obstacle_array_s.c.o[0m
[2.535s] [ 84%] [32m[1mLinking C shared library rosidl_generator_py/nav2_dynamic_msgs/libnav2_dynamic_msgs__rosidl_generator_py.so[0m
[2.567s] [ 84%] Built target nav2_dynamic_msgs__rosidl_generator_py
[2.584s] [ 92%] [32mBuilding C object CMakeFiles/nav2_dynamic_msgs__rosidl_typesupport_fastrtps_c__pyext.dir/rosidl_generator_py/nav2_dynamic_msgs/_nav2_dynamic_msgs_s.ep.rosidl_typesupport_fastrtps_c.c.o[0m
[2.584s] [ 92%] [32mBuilding C object CMakeFiles/nav2_dynamic_msgs__rosidl_typesupport_c__pyext.dir/rosidl_generator_py/nav2_dynamic_msgs/_nav2_dynamic_msgs_s.ep.rosidl_typesupport_c.c.o[0m
[2.584s] [ 92%] [32mBuilding C object CMakeFiles/nav2_dynamic_msgs__rosidl_typesupport_introspection_c__pyext.dir/rosidl_generator_py/nav2_dynamic_msgs/_nav2_dynamic_msgs_s.ep.rosidl_typesupport_introspection_c.c.o[0m
[2.665s] [ 94%] [32m[1mLinking C shared library rosidl_generator_py/nav2_dynamic_msgs/nav2_dynamic_msgs_s__rosidl_typesupport_introspection_c.cpython-310-x86_64-linux-gnu.so[0m
[2.665s] [ 97%] [32m[1mLinking C shared library rosidl_generator_py/nav2_dynamic_msgs/nav2_dynamic_msgs_s__rosidl_typesupport_fastrtps_c.cpython-310-x86_64-linux-gnu.so[0m
[2.665s] [100%] [32m[1mLinking C shared library rosidl_generator_py/nav2_dynamic_msgs/nav2_dynamic_msgs_s__rosidl_typesupport_c.cpython-310-x86_64-linux-gnu.so[0m
[2.699s] [100%] Built target nav2_dynamic_msgs__rosidl_typesupport_c__pyext
[2.699s] [100%] Built target nav2_dynamic_msgs__rosidl_typesupport_fastrtps_c__pyext
[2.699s] [100%] Built target nav2_dynamic_msgs__rosidl_typesupport_introspection_c__pyext
[2.708s] Invoked command in '/home/daopctn/ros2_ws/build/nav2_dynamic_msgs' returned '0': CMAKE_PREFIX_PATH=${CMAKE_PREFIX_PATH}:/home/daopctn/ros2_webots_ws/install/webots_ros2:/home/daopctn/ros2_webots_ws/install/webots_ros2_universal_robot:/home/daopctn/ros2_webots_ws/install/webots_ros2_turtlebot:/home/daopctn/ros2_webots_ws/install/webots_ros2_tiago:/home/daopctn/ros2_webots_ws/install/webots_ros2_tests:/home/daopctn/ros2_webots_ws/install/webots_ros2_tesla:/home/daopctn/ros2_webots_ws/install/webots_ros2_mavic:/home/daopctn/ros2_webots_ws/install/webots_ros2_husarion:/home/daopctn/ros2_webots_ws/install/webots_ros2_epuck:/home/daopctn/ros2_webots_ws/install/webots_ros2_crazyflie:/home/daopctn/ros2_webots_ws/install/webots_ros2_importer:/home/daopctn/ros2_ws/install/ros2_costmap_to_dynamic_obstacles:/home/daopctn/turtlebot3_ws/install/turtlebot3_teleop:/home/daopctn/turtlebot3_ws/install/turtlebot3_example:/opt/ros/humble /usr/bin/cmake --build /home/daopctn/ros2_ws/build/nav2_dynamic_msgs -- -j12 -l12
[2.716s] Invoking command in '/home/daopctn/ros2_ws/build/nav2_dynamic_msgs': CMAKE_PREFIX_PATH=${CMAKE_PREFIX_PATH}:/home/daopctn/ros2_webots_ws/install/webots_ros2:/home/daopctn/ros2_webots_ws/install/webots_ros2_universal_robot:/home/daopctn/ros2_webots_ws/install/webots_ros2_turtlebot:/home/daopctn/ros2_webots_ws/install/webots_ros2_tiago:/home/daopctn/ros2_webots_ws/install/webots_ros2_tests:/home/daopctn/ros2_webots_ws/install/webots_ros2_tesla:/home/daopctn/ros2_webots_ws/install/webots_ros2_mavic:/home/daopctn/ros2_webots_ws/install/webots_ros2_husarion:/home/daopctn/ros2_webots_ws/install/webots_ros2_epuck:/home/daopctn/ros2_webots_ws/install/webots_ros2_crazyflie:/home/daopctn/ros2_webots_ws/install/webots_ros2_importer:/home/daopctn/ros2_ws/install/ros2_costmap_to_dynamic_obstacles:/home/daopctn/turtlebot3_ws/install/turtlebot3_teleop:/home/daopctn/turtlebot3_ws/install/turtlebot3_example:/opt/ros/humble /usr/bin/cmake --install /home/daopctn/ros2_ws/build/nav2_dynamic_msgs
[2.722s] -- Install configuration: ""
[2.723s] -- Execute custom install script
[2.723s] -- Symlinking: /home/daopctn/ros2_ws/install/nav2_dynamic_msgs/share/ament_index/resource_index/rosidl_interfaces/nav2_dynamic_msgs
[2.730s] -- Symlinking: /home/daopctn/ros2_ws/install/nav2_dynamic_msgs/include/nav2_dynamic_msgs/nav2_dynamic_msgs/msg/detail/obstacle__functions.h
[2.739s] -- Symlinking: /home/daopctn/ros2_ws/install/nav2_dynamic_msgs/include/nav2_dynamic_msgs/nav2_dynamic_msgs/msg/detail/obstacle__struct.h
[2.746s] -- Symlinking: /home/daopctn/ros2_ws/install/nav2_dynamic_msgs/include/nav2_dynamic_msgs/nav2_dynamic_msgs/msg/detail/obstacle__type_support.h
[2.753s] -- Symlinking: /home/daopctn/ros2_ws/install/nav2_dynamic_msgs/include/nav2_dynamic_msgs/nav2_dynamic_msgs/msg/detail/obstacle_array__functions.h
[2.760s] -- Symlinking: /home/daopctn/ros2_ws/install/nav2_dynamic_msgs/include/nav2_dynamic_msgs/nav2_dynamic_msgs/msg/detail/obstacle_array__struct.h
[2.766s] -- Symlinking: /home/daopctn/ros2_ws/install/nav2_dynamic_msgs/include/nav2_dynamic_msgs/nav2_dynamic_msgs/msg/detail/obstacle_array__type_support.h
[2.772s] -- Symlinking: /home/daopctn/ros2_ws/install/nav2_dynamic_msgs/include/nav2_dynamic_msgs/nav2_dynamic_msgs/msg/obstacle.h
[2.779s] -- Symlinking: /home/daopctn/ros2_ws/install/nav2_dynamic_msgs/include/nav2_dynamic_msgs/nav2_dynamic_msgs/msg/obstacle_array.h
[2.786s] -- Symlinking: /home/daopctn/ros2_ws/install/nav2_dynamic_msgs/include/nav2_dynamic_msgs/nav2_dynamic_msgs/msg/rosidl_generator_c__visibility_control.h
[2.792s] -- Symlinking: /home/daopctn/ros2_ws/install/nav2_dynamic_msgs/share/nav2_dynamic_msgs/environment/library_path.sh
[2.799s] -- Symlinking: /home/daopctn/ros2_ws/install/nav2_dynamic_msgs/share/nav2_dynamic_msgs/environment/library_path.dsv
[2.805s] -- Symlinking: /home/daopctn/ros2_ws/install/nav2_dynamic_msgs/include/nav2_dynamic_msgs/nav2_dynamic_msgs/msg/detail/obstacle__rosidl_typesupport_fastrtps_c.h
[2.812s] -- Symlinking: /home/daopctn/ros2_ws/install/nav2_dynamic_msgs/include/nav2_dynamic_msgs/nav2_dynamic_msgs/msg/detail/obstacle_array__rosidl_typesupport_fastrtps_c.h
[2.818s] -- Symlinking: /home/daopctn/ros2_ws/install/nav2_dynamic_msgs/include/nav2_dynamic_msgs/nav2_dynamic_msgs/msg/rosidl_typesupport_fastrtps_c__visibility_control.h
[2.824s] -- Symlinking: /home/daopctn/ros2_ws/install/nav2_dynamic_msgs/include/nav2_dynamic_msgs/nav2_dynamic_msgs/msg/detail/obstacle__rosidl_typesupport_introspection_c.h
[2.831s] -- Symlinking: /home/daopctn/ros2_ws/install/nav2_dynamic_msgs/include/nav2_dynamic_msgs/nav2_dynamic_msgs/msg/detail/obstacle_array__rosidl_typesupport_introspection_c.h
[2.839s] -- Symlinking: /home/daopctn/ros2_ws/install/nav2_dynamic_msgs/include/nav2_dynamic_msgs/nav2_dynamic_msgs/msg/rosidl_typesupport_introspection_c__visibility_control.h
[2.846s] -- Symlinking: /home/daopctn/ros2_ws/install/nav2_dynamic_msgs/include/nav2_dynamic_msgs/nav2_dynamic_msgs/msg/detail/obstacle__builder.hpp
[2.853s] -- Symlinking: /home/daopctn/ros2_ws/install/nav2_dynamic_msgs/include/nav2_dynamic_msgs/nav2_dynamic_msgs/msg/detail/obstacle__struct.hpp
[2.859s] -- Symlinking: /home/daopctn/ros2_ws/install/nav2_dynamic_msgs/include/nav2_dynamic_msgs/nav2_dynamic_msgs/msg/detail/obstacle__traits.hpp
[2.866s] -- Symlinking: /home/daopctn/ros2_ws/install/nav2_dynamic_msgs/include/nav2_dynamic_msgs/nav2_dynamic_msgs/msg/detail/obstacle__type_support.hpp
[2.872s] -- Symlinking: /home/daopctn/ros2_ws/install/nav2_dynamic_msgs/include/nav2_dynamic_msgs/nav2_dynamic_msgs/msg/detail/obstacle_array__builder.hpp
[2.878s] -- Symlinking: /home/daopctn/ros2_ws/install/nav2_dynamic_msgs/include/nav2_dynamic_msgs/nav2_dynamic_msgs/msg/detail/obstacle_array__struct.hpp
[2.885s] -- Symlinking: /home/daopctn/ros2_ws/install/nav2_dynamic_msgs/include/nav2_dynamic_msgs/nav2_dynamic_msgs/msg/detail/obstacle_array__traits.hpp
[2.891s] -- Symlinking: /home/daopctn/ros2_ws/install/nav2_dynamic_msgs/include/nav2_dynamic_msgs/nav2_dynamic_msgs/msg/detail/obstacle_array__type_support.hpp
[2.897s] -- Symlinking: /home/daopctn/ros2_ws/install/nav2_dynamic_msgs/include/nav2_dynamic_msgs/nav2_dynamic_msgs/msg/obstacle.hpp
[2.904s] -- Symlinking: /home/daopctn/ros2_ws/install/nav2_dynamic_msgs/include/nav2_dynamic_msgs/nav2_dynamic_msgs/msg/obstacle_array.hpp
[2.910s] -- Symlinking: /home/daopctn/ros2_ws/install/nav2_dynamic_msgs/include/nav2_dynamic_msgs/nav2_dynamic_msgs/msg/rosidl_generator_cpp__visibility_control.hpp
[2.917s] -- Symlinking: /home/daopctn/ros2_ws/install/nav2_dynamic_msgs/include/nav2_dynamic_msgs/nav2_dynamic_msgs/msg/detail/obstacle__rosidl_typesupport_fastrtps_cpp.hpp
[2.923s] -- Symlinking: /home/daopctn/ros2_ws/install/nav2_dynamic_msgs/include/nav2_dynamic_msgs/nav2_dynamic_msgs/msg/detail/obstacle_array__rosidl_typesupport_fastrtps_cpp.hpp
[2.929s] -- Symlinking: /home/daopctn/ros2_ws/install/nav2_dynamic_msgs/include/nav2_dynamic_msgs/nav2_dynamic_msgs/msg/rosidl_typesupport_fastrtps_cpp__visibility_control.h
[2.938s] -- Symlinking: /home/daopctn/ros2_ws/install/nav2_dynamic_msgs/include/nav2_dynamic_msgs/nav2_dynamic_msgs/msg/detail/obstacle__rosidl_typesupport_introspection_cpp.hpp
[2.944s] -- Symlinking: /home/daopctn/ros2_ws/install/nav2_dynamic_msgs/include/nav2_dynamic_msgs/nav2_dynamic_msgs/msg/detail/obstacle_array__rosidl_typesupport_introspection_cpp.hpp
[2.951s] -- Symlinking: /home/daopctn/ros2_ws/install/nav2_dynamic_msgs/share/nav2_dynamic_msgs/environment/pythonpath.sh
[2.958s] -- Symlinking: /home/daopctn/ros2_ws/install/nav2_dynamic_msgs/share/nav2_dynamic_msgs/environment/pythonpath.dsv
[2.965s] -- Symlinking: /home/daopctn/ros2_ws/install/nav2_dynamic_msgs/local/lib/python3.10/dist-packages/nav2_dynamic_msgs-0.0.0-py3.10.egg-info/PKG-INFO
[2.971s] -- Symlinking: /home/daopctn/ros2_ws/install/nav2_dynamic_msgs/local/lib/python3.10/dist-packages/nav2_dynamic_msgs-0.0.0-py3.10.egg-info/SOURCES.txt
[2.977s] -- Symlinking: /home/daopctn/ros2_ws/install/nav2_dynamic_msgs/local/lib/python3.10/dist-packages/nav2_dynamic_msgs-0.0.0-py3.10.egg-info/dependency_links.txt
[2.984s] -- Symlinking: /home/daopctn/ros2_ws/install/nav2_dynamic_msgs/local/lib/python3.10/dist-packages/nav2_dynamic_msgs-0.0.0-py3.10.egg-info/top_level.txt
[2.991s] -- Symlinking: /home/daopctn/ros2_ws/install/nav2_dynamic_msgs/local/lib/python3.10/dist-packages/nav2_dynamic_msgs/__init__.py
[2.997s] -- Symlinking: /home/daopctn/ros2_ws/install/nav2_dynamic_msgs/local/lib/python3.10/dist-packages/nav2_dynamic_msgs/_nav2_dynamic_msgs_s.ep.rosidl_typesupport_c.c
[3.004s] -- Symlinking: /home/daopctn/ros2_ws/install/nav2_dynamic_msgs/local/lib/python3.10/dist-packages/nav2_dynamic_msgs/_nav2_dynamic_msgs_s.ep.rosidl_typesupport_fastrtps_c.c
[3.011s] -- Symlinking: /home/daopctn/ros2_ws/install/nav2_dynamic_msgs/local/lib/python3.10/dist-packages/nav2_dynamic_msgs/_nav2_dynamic_msgs_s.ep.rosidl_typesupport_introspection_c.c
[3.019s] -- Symlinking: /home/daopctn/ros2_ws/install/nav2_dynamic_msgs/local/lib/python3.10/dist-packages/nav2_dynamic_msgs/libnav2_dynamic_msgs__rosidl_generator_py.so
[3.027s] -- Symlinking: /home/daopctn/ros2_ws/install/nav2_dynamic_msgs/local/lib/python3.10/dist-packages/nav2_dynamic_msgs/msg/__init__.py
[3.035s] -- Symlinking: /home/daopctn/ros2_ws/install/nav2_dynamic_msgs/local/lib/python3.10/dist-packages/nav2_dynamic_msgs/msg/_obstacle.py
[3.043s] -- Symlinking: /home/daopctn/ros2_ws/install/nav2_dynamic_msgs/local/lib/python3.10/dist-packages/nav2_dynamic_msgs/msg/_obstacle_array.py
[3.050s] -- Symlinking: /home/daopctn/ros2_ws/install/nav2_dynamic_msgs/local/lib/python3.10/dist-packages/nav2_dynamic_msgs/msg/_obstacle_array_s.c
[3.056s] -- Symlinking: /home/daopctn/ros2_ws/install/nav2_dynamic_msgs/local/lib/python3.10/dist-packages/nav2_dynamic_msgs/msg/_obstacle_s.c
[3.063s] -- Symlinking: /home/daopctn/ros2_ws/install/nav2_dynamic_msgs/local/lib/python3.10/dist-packages/nav2_dynamic_msgs/nav2_dynamic_msgs_s__rosidl_typesupport_c.cpython-310-x86_64-linux-gnu.so
[3.069s] -- Symlinking: /home/daopctn/ros2_ws/install/nav2_dynamic_msgs/local/lib/python3.10/dist-packages/nav2_dynamic_msgs/nav2_dynamic_msgs_s__rosidl_typesupport_fastrtps_c.cpython-310-x86_64-linux-gnu.so
[3.076s] -- Symlinking: /home/daopctn/ros2_ws/install/nav2_dynamic_msgs/local/lib/python3.10/dist-packages/nav2_dynamic_msgs/nav2_dynamic_msgs_s__rosidl_typesupport_introspection_c.cpython-310-x86_64-linux-gnu.so
[3.082s] -- Up-to-date symlink: /home/daopctn/ros2_ws/install/nav2_dynamic_msgs/local/lib/python3.10/dist-packages/nav2_dynamic_msgs/nav2_dynamic_msgs_s__rosidl_typesupport_fastrtps_c.cpython-310-x86_64-linux-gnu.so
[3.083s] -- Up-to-date symlink: /home/daopctn/ros2_ws/install/nav2_dynamic_msgs/local/lib/python3.10/dist-packages/nav2_dynamic_msgs/nav2_dynamic_msgs_s__rosidl_typesupport_introspection_c.cpython-310-x86_64-linux-gnu.so
[3.083s] -- Up-to-date symlink: /home/daopctn/ros2_ws/install/nav2_dynamic_msgs/local/lib/python3.10/dist-packages/nav2_dynamic_msgs/nav2_dynamic_msgs_s__rosidl_typesupport_c.cpython-310-x86_64-linux-gnu.so
[3.083s] -- Symlinking: /home/daopctn/ros2_ws/install/nav2_dynamic_msgs/share/nav2_dynamic_msgs/msg/Obstacle.idl
[3.090s] -- Symlinking: /home/daopctn/ros2_ws/install/nav2_dynamic_msgs/share/nav2_dynamic_msgs/msg/ObstacleArray.idl
[3.096s] -- Symlinking: /home/daopctn/ros2_ws/install/nav2_dynamic_msgs/share/nav2_dynamic_msgs/msg/Obstacle.msg
[3.102s] -- Symlinking: /home/daopctn/ros2_ws/install/nav2_dynamic_msgs/share/nav2_dynamic_msgs/msg/ObstacleArray.msg
[3.109s] -- Symlinking: /home/daopctn/ros2_ws/install/nav2_dynamic_msgs/share/ament_index/resource_index/package_run_dependencies/nav2_dynamic_msgs
[3.115s] -- Symlinking: /home/daopctn/ros2_ws/install/nav2_dynamic_msgs/share/ament_index/resource_index/parent_prefix_path/nav2_dynamic_msgs
[3.122s] -- Symlinking: /home/daopctn/ros2_ws/install/nav2_dynamic_msgs/share/nav2_dynamic_msgs/environment/ament_prefix_path.sh
[3.128s] -- Symlinking: /home/daopctn/ros2_ws/install/nav2_dynamic_msgs/share/nav2_dynamic_msgs/environment/ament_prefix_path.dsv
[3.136s] -- Symlinking: /home/daopctn/ros2_ws/install/nav2_dynamic_msgs/share/nav2_dynamic_msgs/environment/path.sh
[3.143s] -- Symlinking: /home/daopctn/ros2_ws/install/nav2_dynamic_msgs/share/nav2_dynamic_msgs/environment/path.dsv
[3.150s] -- Symlinking: /home/daopctn/ros2_ws/install/nav2_dynamic_msgs/share/nav2_dynamic_msgs/local_setup.bash
[3.157s] -- Symlinking: /home/daopctn/ros2_ws/install/nav2_dynamic_msgs/share/nav2_dynamic_msgs/local_setup.sh
[3.163s] -- Symlinking: /home/daopctn/ros2_ws/install/nav2_dynamic_msgs/share/nav2_dynamic_msgs/local_setup.zsh
[3.170s] -- Symlinking: /home/daopctn/ros2_ws/install/nav2_dynamic_msgs/share/nav2_dynamic_msgs/local_setup.dsv
[3.176s] -- Symlinking: /home/daopctn/ros2_ws/install/nav2_dynamic_msgs/share/nav2_dynamic_msgs/package.dsv
[3.182s] -- Symlinking: /home/daopctn/ros2_ws/install/nav2_dynamic_msgs/share/ament_index/resource_index/packages/nav2_dynamic_msgs
[3.189s] -- Symlinking: /home/daopctn/ros2_ws/install/nav2_dynamic_msgs/share/nav2_dynamic_msgs/cmake/rosidl_cmake-extras.cmake
[3.195s] -- Symlinking: /home/daopctn/ros2_ws/install/nav2_dynamic_msgs/share/nav2_dynamic_msgs/cmake/ament_cmake_export_dependencies-extras.cmake
[3.201s] -- Symlinking: /home/daopctn/ros2_ws/install/nav2_dynamic_msgs/share/nav2_dynamic_msgs/cmake/ament_cmake_export_include_directories-extras.cmake
[3.208s] -- Symlinking: /home/daopctn/ros2_ws/install/nav2_dynamic_msgs/share/nav2_dynamic_msgs/cmake/ament_cmake_export_libraries-extras.cmake
[3.216s] -- Symlinking: /home/daopctn/ros2_ws/install/nav2_dynamic_msgs/share/nav2_dynamic_msgs/cmake/ament_cmake_export_targets-extras.cmake
[3.223s] -- Symlinking: /home/daopctn/ros2_ws/install/nav2_dynamic_msgs/share/nav2_dynamic_msgs/cmake/rosidl_cmake_export_typesupport_targets-extras.cmake
[3.229s] -- Symlinking: /home/daopctn/ros2_ws/install/nav2_dynamic_msgs/share/nav2_dynamic_msgs/cmake/rosidl_cmake_export_typesupport_libraries-extras.cmake
[3.238s] -- Symlinking: /home/daopctn/ros2_ws/install/nav2_dynamic_msgs/share/nav2_dynamic_msgs/cmake/nav2_dynamic_msgsConfig.cmake
[3.244s] -- Symlinking: /home/daopctn/ros2_ws/install/nav2_dynamic_msgs/share/nav2_dynamic_msgs/cmake/nav2_dynamic_msgsConfig-version.cmake
[3.252s] -- Symlinking: /home/daopctn/ros2_ws/install/nav2_dynamic_msgs/share/nav2_dynamic_msgs/package.xml
[3.259s] -- Installing: /home/daopctn/ros2_ws/install/nav2_dynamic_msgs/lib/libnav2_dynamic_msgs__rosidl_generator_c.so
[3.259s] -- Set runtime path of "/home/daopctn/ros2_ws/install/nav2_dynamic_msgs/lib/libnav2_dynamic_msgs__rosidl_generator_c.so" to ""
[3.259s] -- Installing: /home/daopctn/ros2_ws/install/nav2_dynamic_msgs/lib/libnav2_dynamic_msgs__rosidl_typesupport_fastrtps_c.so
[3.260s] -- Set runtime path of "/home/daopctn/ros2_ws/install/nav2_dynamic_msgs/lib/libnav2_dynamic_msgs__rosidl_typesupport_fastrtps_c.so" to ""
[3.260s] -- Installing: /home/daopctn/ros2_ws/install/nav2_dynamic_msgs/lib/libnav2_dynamic_msgs__rosidl_typesupport_introspection_c.so
[3.260s] -- Set runtime path of "/home/daopctn/ros2_ws/install/nav2_dynamic_msgs/lib/libnav2_dynamic_msgs__rosidl_typesupport_introspection_c.so" to ""
[3.260s] -- Installing: /home/daopctn/ros2_ws/install/nav2_dynamic_msgs/lib/libnav2_dynamic_msgs__rosidl_typesupport_c.so
[3.260s] -- Set runtime path of "/home/daopctn/ros2_ws/install/nav2_dynamic_msgs/lib/libnav2_dynamic_msgs__rosidl_typesupport_c.so" to ""
[3.260s] -- Installing: /home/daopctn/ros2_ws/install/nav2_dynamic_msgs/lib/libnav2_dynamic_msgs__rosidl_typesupport_fastrtps_cpp.so
[3.260s] -- Set runtime path of "/home/daopctn/ros2_ws/install/nav2_dynamic_msgs/lib/libnav2_dynamic_msgs__rosidl_typesupport_fastrtps_cpp.so" to ""
[3.261s] -- Installing: /home/daopctn/ros2_ws/install/nav2_dynamic_msgs/lib/libnav2_dynamic_msgs__rosidl_typesupport_introspection_cpp.so
[3.261s] -- Set runtime path of "/home/daopctn/ros2_ws/install/nav2_dynamic_msgs/lib/libnav2_dynamic_msgs__rosidl_typesupport_introspection_cpp.so" to ""
[3.261s] -- Installing: /home/daopctn/ros2_ws/install/nav2_dynamic_msgs/lib/libnav2_dynamic_msgs__rosidl_typesupport_cpp.so
[3.261s] -- Set runtime path of "/home/daopctn/ros2_ws/install/nav2_dynamic_msgs/lib/libnav2_dynamic_msgs__rosidl_typesupport_cpp.so" to ""
[3.297s] Listing '/home/daopctn/ros2_ws/install/nav2_dynamic_msgs/local/lib/python3.10/dist-packages/nav2_dynamic_msgs'...
[3.297s] Compiling '/home/daopctn/ros2_ws/install/nav2_dynamic_msgs/local/lib/python3.10/dist-packages/nav2_dynamic_msgs/__init__.py'...
[3.297s] Listing '/home/daopctn/ros2_ws/install/nav2_dynamic_msgs/local/lib/python3.10/dist-packages/nav2_dynamic_msgs/msg'...
[3.297s] Compiling '/home/daopctn/ros2_ws/install/nav2_dynamic_msgs/local/lib/python3.10/dist-packages/nav2_dynamic_msgs/msg/__init__.py'...
[3.297s] Compiling '/home/daopctn/ros2_ws/install/nav2_dynamic_msgs/local/lib/python3.10/dist-packages/nav2_dynamic_msgs/msg/_obstacle.py'...
[3.297s] Compiling '/home/daopctn/ros2_ws/install/nav2_dynamic_msgs/local/lib/python3.10/dist-packages/nav2_dynamic_msgs/msg/_obstacle_array.py'...
[3.300s] -- Installing: /home/daopctn/ros2_ws/install/nav2_dynamic_msgs/lib/libnav2_dynamic_msgs__rosidl_generator_py.so
[3.301s] -- Set runtime path of "/home/daopctn/ros2_ws/install/nav2_dynamic_msgs/lib/libnav2_dynamic_msgs__rosidl_generator_py.so" to ""
[3.301s] -- Installing: /home/daopctn/ros2_ws/install/nav2_dynamic_msgs/share/nav2_dynamic_msgs/cmake/export_nav2_dynamic_msgs__rosidl_generator_cExport.cmake
[3.301s] -- Installing: /home/daopctn/ros2_ws/install/nav2_dynamic_msgs/share/nav2_dynamic_msgs/cmake/export_nav2_dynamic_msgs__rosidl_generator_cExport-noconfig.cmake
[3.301s] -- Installing: /home/daopctn/ros2_ws/install/nav2_dynamic_msgs/share/nav2_dynamic_msgs/cmake/export_nav2_dynamic_msgs__rosidl_typesupport_fastrtps_cExport.cmake
[3.301s] -- Installing: /home/daopctn/ros2_ws/install/nav2_dynamic_msgs/share/nav2_dynamic_msgs/cmake/export_nav2_dynamic_msgs__rosidl_typesupport_fastrtps_cExport-noconfig.cmake
[3.301s] -- Installing: /home/daopctn/ros2_ws/install/nav2_dynamic_msgs/share/nav2_dynamic_msgs/cmake/nav2_dynamic_msgs__rosidl_typesupport_introspection_cExport.cmake
[3.301s] -- Installing: /home/daopctn/ros2_ws/install/nav2_dynamic_msgs/share/nav2_dynamic_msgs/cmake/nav2_dynamic_msgs__rosidl_typesupport_introspection_cExport-noconfig.cmake
[3.301s] -- Installing: /home/daopctn/ros2_ws/install/nav2_dynamic_msgs/share/nav2_dynamic_msgs/cmake/nav2_dynamic_msgs__rosidl_typesupport_cExport.cmake
[3.301s] -- Installing: /home/daopctn/ros2_ws/install/nav2_dynamic_msgs/share/nav2_dynamic_msgs/cmake/nav2_dynamic_msgs__rosidl_typesupport_cExport-noconfig.cmake
[3.301s] -- Installing: /home/daopctn/ros2_ws/install/nav2_dynamic_msgs/share/nav2_dynamic_msgs/cmake/export_nav2_dynamic_msgs__rosidl_generator_cppExport.cmake
[3.301s] -- Installing: /home/daopctn/ros2_ws/install/nav2_dynamic_msgs/share/nav2_dynamic_msgs/cmake/export_nav2_dynamic_msgs__rosidl_typesupport_fastrtps_cppExport.cmake
[3.301s] -- Installing: /home/daopctn/ros2_ws/install/nav2_dynamic_msgs/share/nav2_dynamic_msgs/cmake/export_nav2_dynamic_msgs__rosidl_typesupport_fastrtps_cppExport-noconfig.cmake
[3.302s] -- Installing: /home/daopctn/ros2_ws/install/nav2_dynamic_msgs/share/nav2_dynamic_msgs/cmake/nav2_dynamic_msgs__rosidl_typesupport_introspection_cppExport.cmake
[3.302s] -- Installing: /home/daopctn/ros2_ws/install/nav2_dynamic_msgs/share/nav2_dynamic_msgs/cmake/nav2_dynamic_msgs__rosidl_typesupport_introspection_cppExport-noconfig.cmake
[3.302s] -- Installing: /home/daopctn/ros2_ws/install/nav2_dynamic_msgs/share/nav2_dynamic_msgs/cmake/nav2_dynamic_msgs__rosidl_typesupport_cppExport.cmake
[3.302s] -- Installing: /home/daopctn/ros2_ws/install/nav2_dynamic_msgs/share/nav2_dynamic_msgs/cmake/nav2_dynamic_msgs__rosidl_typesupport_cppExport-noconfig.cmake
[3.302s] -- Installing: /home/daopctn/ros2_ws/install/nav2_dynamic_msgs/share/nav2_dynamic_msgs/cmake/export_nav2_dynamic_msgs__rosidl_generator_pyExport.cmake
[3.302s] -- Installing: /home/daopctn/ros2_ws/install/nav2_dynamic_msgs/share/nav2_dynamic_msgs/cmake/export_nav2_dynamic_msgs__rosidl_generator_pyExport-noconfig.cmake
[3.304s] Invoked command in '/home/daopctn/ros2_ws/build/nav2_dynamic_msgs' returned '0': CMAKE_PREFIX_PATH=${CMAKE_PREFIX_PATH}:/home/daopctn/ros2_webots_ws/install/webots_ros2:/home/daopctn/ros2_webots_ws/install/webots_ros2_universal_robot:/home/daopctn/ros2_webots_ws/install/webots_ros2_turtlebot:/home/daopctn/ros2_webots_ws/install/webots_ros2_tiago:/home/daopctn/ros2_webots_ws/install/webots_ros2_tests:/home/daopctn/ros2_webots_ws/install/webots_ros2_tesla:/home/daopctn/ros2_webots_ws/install/webots_ros2_mavic:/home/daopctn/ros2_webots_ws/install/webots_ros2_husarion:/home/daopctn/ros2_webots_ws/install/webots_ros2_epuck:/home/daopctn/ros2_webots_ws/install/webots_ros2_crazyflie:/home/daopctn/ros2_webots_ws/install/webots_ros2_importer:/home/daopctn/ros2_ws/install/ros2_costmap_to_dynamic_obstacles:/home/daopctn/turtlebot3_ws/install/turtlebot3_teleop:/home/daopctn/turtlebot3_ws/install/turtlebot3_example:/opt/ros/humble /usr/bin/cmake --install /home/daopctn/ros2_ws/build/nav2_dynamic_msgs
