[0.581s] Invoking command in '/home/daopctn/ros2_ws/src/ros2_costmap_to_dynamic_obstacles': PYTHONPATH=/home/daopctn/ros2_ws/build/ros2_costmap_to_dynamic_obstacles/prefix_override:/usr/lib/python3/dist-packages/colcon_core/task/python/colcon_distutils_commands:/home/daopctn/ros2_ws/install/ros2_costmap_to_dynamic_obstacles/lib/python3.10/site-packages:${PYTHONPATH} /usr/bin/python3 -W ignore:setup.py install is deprecated -W ignore:easy_install command is deprecated setup.py egg_info --egg-base ../../build/ros2_costmap_to_dynamic_obstacles build --build-base /home/daopctn/ros2_ws/build/ros2_costmap_to_dynamic_obstacles/build install --record /home/daopctn/ros2_ws/build/ros2_costmap_to_dynamic_obstacles/install.log --single-version-externally-managed install_data
[0.804s] running egg_info
[0.804s] writing ../../build/ros2_costmap_to_dynamic_obstacles/ros2_costmap_to_dynamic_obstacles.egg-info/PKG-INFO
[0.804s] writing dependency_links to ../../build/ros2_costmap_to_dynamic_obstacles/ros2_costmap_to_dynamic_obstacles.egg-info/dependency_links.txt
[0.804s] writing entry points to ../../build/ros2_costmap_to_dynamic_obstacles/ros2_costmap_to_dynamic_obstacles.egg-info/entry_points.txt
[0.805s] writing requirements to ../../build/ros2_costmap_to_dynamic_obstacles/ros2_costmap_to_dynamic_obstacles.egg-info/requires.txt
[0.805s] writing top-level names to ../../build/ros2_costmap_to_dynamic_obstacles/ros2_costmap_to_dynamic_obstacles.egg-info/top_level.txt
[0.806s] reading manifest file '../../build/ros2_costmap_to_dynamic_obstacles/ros2_costmap_to_dynamic_obstacles.egg-info/SOURCES.txt'
[0.807s] writing manifest file '../../build/ros2_costmap_to_dynamic_obstacles/ros2_costmap_to_dynamic_obstacles.egg-info/SOURCES.txt'
[0.807s] running build
[0.807s] running build_py
[0.807s] running install
[0.807s] running install_lib
[0.808s] running install_data
[0.808s] running install_egg_info
[0.810s] removing '/home/daopctn/ros2_ws/install/ros2_costmap_to_dynamic_obstacles/lib/python3.10/site-packages/ros2_costmap_to_dynamic_obstacles-0.0.0-py3.10.egg-info' (and everything under it)
[0.810s] Copying ../../build/ros2_costmap_to_dynamic_obstacles/ros2_costmap_to_dynamic_obstacles.egg-info to /home/daopctn/ros2_ws/install/ros2_costmap_to_dynamic_obstacles/lib/python3.10/site-packages/ros2_costmap_to_dynamic_obstacles-0.0.0-py3.10.egg-info
[0.810s] running install_scripts
[0.830s] writing list of installed files to '/home/daopctn/ros2_ws/build/ros2_costmap_to_dynamic_obstacles/install.log'
[0.850s] Invoked command in '/home/daopctn/ros2_ws/src/ros2_costmap_to_dynamic_obstacles' returned '0': PYTHONPATH=/home/daopctn/ros2_ws/build/ros2_costmap_to_dynamic_obstacles/prefix_override:/usr/lib/python3/dist-packages/colcon_core/task/python/colcon_distutils_commands:/home/daopctn/ros2_ws/install/ros2_costmap_to_dynamic_obstacles/lib/python3.10/site-packages:${PYTHONPATH} /usr/bin/python3 -W ignore:setup.py install is deprecated -W ignore:easy_install command is deprecated setup.py egg_info --egg-base ../../build/ros2_costmap_to_dynamic_obstacles build --build-base /home/daopctn/ros2_ws/build/ros2_costmap_to_dynamic_obstacles/build install --record /home/daopctn/ros2_ws/build/ros2_costmap_to_dynamic_obstacles/install.log --single-version-externally-managed install_data
