running develop
running egg_info
creating ros2_costmap_to_dynamic_obstacles.egg-info
writing ros2_costmap_to_dynamic_obstacles.egg-info/PKG-INFO
writing dependency_links to ros2_costmap_to_dynamic_obstacles.egg-info/dependency_links.txt
writing entry points to ros2_costmap_to_dynamic_obstacles.egg-info/entry_points.txt
writing requirements to ros2_costmap_to_dynamic_obstacles.egg-info/requires.txt
writing top-level names to ros2_costmap_to_dynamic_obstacles.egg-info/top_level.txt
writing manifest file 'ros2_costmap_to_dynamic_obstacles.egg-info/SOURCES.txt'
reading manifest file 'ros2_costmap_to_dynamic_obstacles.egg-info/SOURCES.txt'
writing manifest file 'ros2_costmap_to_dynamic_obstacles.egg-info/SOURCES.txt'
running build_ext
Creating /home/daopctn/ros2_ws/install/ros2_costmap_to_dynamic_obstacles/lib/python3.10/site-packages/ros2-costmap-to-dynamic-obstacles.egg-link (link to .)

Installed /home/daopctn/ros2_ws/build/ros2_costmap_to_dynamic_obstacles
running symlink_data
creating /home/daopctn/ros2_ws/install/ros2_costmap_to_dynamic_obstacles/share/ament_index
creating /home/daopctn/ros2_ws/install/ros2_costmap_to_dynamic_obstacles/share/ament_index/resource_index
creating /home/daopctn/ros2_ws/install/ros2_costmap_to_dynamic_obstacles/share/ament_index/resource_index/packages
symbolically linking /home/daopctn/ros2_ws/build/ros2_costmap_to_dynamic_obstacles/resource/ros2_costmap_to_dynamic_obstacles -> /home/daopctn/ros2_ws/install/ros2_costmap_to_dynamic_obstacles/share/ament_index/resource_index/packages
symbolically linking /home/daopctn/ros2_ws/build/ros2_costmap_to_dynamic_obstacles/package.xml -> /home/daopctn/ros2_ws/install/ros2_costmap_to_dynamic_obstacles/share/ros2_costmap_to_dynamic_obstacles
