[0.578s] Invoking command in '/home/daopctn/ros2_ws/build/ros2_costmap_to_dynamic_obstacles': PYTHONPATH=/home/daopctn/ros2_ws/build/ros2_costmap_to_dynamic_obstacles/prefix_override:/usr/lib/python3/dist-packages/colcon_core/task/python/colcon_distutils_commands:/home/daopctn/ros2_ws/install/ros2_costmap_to_dynamic_obstacles/lib/python3.10/site-packages:${PYTHONPATH} /usr/bin/python3 -W ignore:setup.py install is deprecated -W ignore:easy_install command is deprecated setup.py develop --editable --build-directory /home/daopctn/ros2_ws/build/ros2_costmap_to_dynamic_obstacles/build --no-deps symlink_data
[0.811s] running develop
[0.973s] running egg_info
[0.973s] creating ros2_costmap_to_dynamic_obstacles.egg-info
[0.973s] writing ros2_costmap_to_dynamic_obstacles.egg-info/PKG-INFO
[0.973s] writing dependency_links to ros2_costmap_to_dynamic_obstacles.egg-info/dependency_links.txt
[0.973s] writing entry points to ros2_costmap_to_dynamic_obstacles.egg-info/entry_points.txt
[0.973s] writing requirements to ros2_costmap_to_dynamic_obstacles.egg-info/requires.txt
[0.973s] writing top-level names to ros2_costmap_to_dynamic_obstacles.egg-info/top_level.txt
[0.973s] writing manifest file 'ros2_costmap_to_dynamic_obstacles.egg-info/SOURCES.txt'
[0.975s] reading manifest file 'ros2_costmap_to_dynamic_obstacles.egg-info/SOURCES.txt'
[0.975s] writing manifest file 'ros2_costmap_to_dynamic_obstacles.egg-info/SOURCES.txt'
[0.976s] running build_ext
[0.976s] Creating /home/daopctn/ros2_ws/install/ros2_costmap_to_dynamic_obstacles/lib/python3.10/site-packages/ros2-costmap-to-dynamic-obstacles.egg-link (link to .)
[0.977s] 
[0.977s] Installed /home/daopctn/ros2_ws/build/ros2_costmap_to_dynamic_obstacles
[0.977s] running symlink_data
[0.977s] creating /home/daopctn/ros2_ws/install/ros2_costmap_to_dynamic_obstacles/share/ament_index
[0.977s] creating /home/daopctn/ros2_ws/install/ros2_costmap_to_dynamic_obstacles/share/ament_index/resource_index
[0.977s] creating /home/daopctn/ros2_ws/install/ros2_costmap_to_dynamic_obstacles/share/ament_index/resource_index/packages
[0.977s] symbolically linking /home/daopctn/ros2_ws/build/ros2_costmap_to_dynamic_obstacles/resource/ros2_costmap_to_dynamic_obstacles -> /home/daopctn/ros2_ws/install/ros2_costmap_to_dynamic_obstacles/share/ament_index/resource_index/packages
[0.977s] symbolically linking /home/daopctn/ros2_ws/build/ros2_costmap_to_dynamic_obstacles/package.xml -> /home/daopctn/ros2_ws/install/ros2_costmap_to_dynamic_obstacles/share/ros2_costmap_to_dynamic_obstacles
[0.999s] Invoked command in '/home/daopctn/ros2_ws/build/ros2_costmap_to_dynamic_obstacles' returned '0': PYTHONPATH=/home/daopctn/ros2_ws/build/ros2_costmap_to_dynamic_obstacles/prefix_override:/usr/lib/python3/dist-packages/colcon_core/task/python/colcon_distutils_commands:/home/daopctn/ros2_ws/install/ros2_costmap_to_dynamic_obstacles/lib/python3.10/site-packages:${PYTHONPATH} /usr/bin/python3 -W ignore:setup.py install is deprecated -W ignore:easy_install command is deprecated setup.py develop --editable --build-directory /home/daopctn/ros2_ws/build/ros2_costmap_to_dynamic_obstacles/build --no-deps symlink_data
