running egg_info
writing ../../build/ros2_costmap_to_dynamic_obstacles/ros2_costmap_to_dynamic_obstacles.egg-info/PKG-INFO
writing dependency_links to ../../build/ros2_costmap_to_dynamic_obstacles/ros2_costmap_to_dynamic_obstacles.egg-info/dependency_links.txt
writing entry points to ../../build/ros2_costmap_to_dynamic_obstacles/ros2_costmap_to_dynamic_obstacles.egg-info/entry_points.txt
writing requirements to ../../build/ros2_costmap_to_dynamic_obstacles/ros2_costmap_to_dynamic_obstacles.egg-info/requires.txt
writing top-level names to ../../build/ros2_costmap_to_dynamic_obstacles/ros2_costmap_to_dynamic_obstacles.egg-info/top_level.txt
reading manifest file '../../build/ros2_costmap_to_dynamic_obstacles/ros2_costmap_to_dynamic_obstacles.egg-info/SOURCES.txt'
writing manifest file '../../build/ros2_costmap_to_dynamic_obstacles/ros2_costmap_to_dynamic_obstacles.egg-info/SOURCES.txt'
running build
running build_py
copying ros2_costmap_to_dynamic_obstacles/costmap_converter_node.py -> /home/daopctn/ros2_ws/build/ros2_costmap_to_dynamic_obstacles/build/lib/ros2_costmap_to_dynamic_obstacles
running install
running install_lib
copying /home/daopctn/ros2_ws/build/ros2_costmap_to_dynamic_obstacles/build/lib/ros2_costmap_to_dynamic_obstacles/costmap_converter_node.py -> /home/daopctn/ros2_ws/install/ros2_costmap_to_dynamic_obstacles/lib/python3.10/site-packages/ros2_costmap_to_dynamic_obstacles
byte-compiling /home/daopctn/ros2_ws/install/ros2_costmap_to_dynamic_obstacles/lib/python3.10/site-packages/ros2_costmap_to_dynamic_obstacles/costmap_converter_node.py to costmap_converter_node.cpython-310.pyc
running install_data
copying package.xml -> /home/daopctn/ros2_ws/install/ros2_costmap_to_dynamic_obstacles/share/ros2_costmap_to_dynamic_obstacles
running install_egg_info
removing '/home/daopctn/ros2_ws/install/ros2_costmap_to_dynamic_obstacles/lib/python3.10/site-packages/ros2_costmap_to_dynamic_obstacles-0.0.0-py3.10.egg-info' (and everything under it)
Copying ../../build/ros2_costmap_to_dynamic_obstacles/ros2_costmap_to_dynamic_obstacles.egg-info to /home/daopctn/ros2_ws/install/ros2_costmap_to_dynamic_obstacles/lib/python3.10/site-packages/ros2_costmap_to_dynamic_obstacles-0.0.0-py3.10.egg-info
running install_scripts
Installing costmap_converter_node script to /home/daopctn/ros2_ws/install/ros2_costmap_to_dynamic_obstacles/lib/ros2_costmap_to_dynamic_obstacles
writing list of installed files to '/home/daopctn/ros2_ws/build/ros2_costmap_to_dynamic_obstacles/install.log'
