[0.757s] Invoking command in '/home/daopctn/ros2_ws/src/ros2_costmap_to_dynamic_obstacles': LD_LIBRARY_PATH=/home/daopctn/ros2_ws/install/nav2_dynamic_msgs/lib:/home/daopctn/turtlebot3_ws/install/turtlebot3_msgs/lib:/home/daopctn/turtlebot3_ws/install/dynamixel_sdk_custom_interfaces/lib:/home/daopctn/turtlebot3_ws/install/dynamixel_sdk/lib:/home/daopctn/ros2_webots_ws/install/webots_ros2_control/lib:/home/daopctn/ros2_webots_ws/install/webots_ros2_driver/lib:/home/daopctn/ros2_webots_ws/install/webots_ros2_msgs/lib:/usr/lib/x86_64-linux-gnu/gazebo-11/plugins:/opt/ros/humble/opt/rviz_ogre_vendor/lib:/opt/ros/humble/lib/x86_64-linux-gnu:/opt/ros/humble/lib:/usr/share/gazebo/../../lib/x86_64-linux-gnu/gazebo-11/plugins:/usr/lib/x86_64-linux-gnu/gazebo-11/plugins:/usr/share/gazebo/../../lib/x86_64-linux-gnu/gazebo-11/plugins PYTHONPATH=/home/daopctn/ros2_ws/build/ros2_costmap_to_dynamic_obstacles/prefix_override:/usr/lib/python3/dist-packages/colcon_core/task/python/colcon_distutils_commands:/home/daopctn/ros2_ws/install/ros2_costmap_to_dynamic_obstacles/lib/python3.10/site-packages:${PYTHONPATH} /usr/bin/python3 -W ignore:setup.py install is deprecated -W ignore:easy_install command is deprecated setup.py egg_info --egg-base ../../build/ros2_costmap_to_dynamic_obstacles build --build-base /home/daopctn/ros2_ws/build/ros2_costmap_to_dynamic_obstacles/build install --record /home/daopctn/ros2_ws/build/ros2_costmap_to_dynamic_obstacles/install.log --single-version-externally-managed install_data
[0.983s] running egg_info
[0.984s] writing ../../build/ros2_costmap_to_dynamic_obstacles/ros2_costmap_to_dynamic_obstacles.egg-info/PKG-INFO
[0.984s] writing dependency_links to ../../build/ros2_costmap_to_dynamic_obstacles/ros2_costmap_to_dynamic_obstacles.egg-info/dependency_links.txt
[0.984s] writing entry points to ../../build/ros2_costmap_to_dynamic_obstacles/ros2_costmap_to_dynamic_obstacles.egg-info/entry_points.txt
[0.984s] writing requirements to ../../build/ros2_costmap_to_dynamic_obstacles/ros2_costmap_to_dynamic_obstacles.egg-info/requires.txt
[0.984s] writing top-level names to ../../build/ros2_costmap_to_dynamic_obstacles/ros2_costmap_to_dynamic_obstacles.egg-info/top_level.txt
[0.985s] reading manifest file '../../build/ros2_costmap_to_dynamic_obstacles/ros2_costmap_to_dynamic_obstacles.egg-info/SOURCES.txt'
[0.991s] writing manifest file '../../build/ros2_costmap_to_dynamic_obstacles/ros2_costmap_to_dynamic_obstacles.egg-info/SOURCES.txt'
[0.991s] running build
[0.991s] running build_py
[0.991s] copying ros2_costmap_to_dynamic_obstacles/costmap_converter_node.py -> /home/daopctn/ros2_ws/build/ros2_costmap_to_dynamic_obstacles/build/lib/ros2_costmap_to_dynamic_obstacles
[0.992s] running install
[0.992s] running install_lib
[0.992s] copying /home/daopctn/ros2_ws/build/ros2_costmap_to_dynamic_obstacles/build/lib/ros2_costmap_to_dynamic_obstacles/costmap_converter_node.py -> /home/daopctn/ros2_ws/install/ros2_costmap_to_dynamic_obstacles/lib/python3.10/site-packages/ros2_costmap_to_dynamic_obstacles
[0.993s] byte-compiling /home/daopctn/ros2_ws/install/ros2_costmap_to_dynamic_obstacles/lib/python3.10/site-packages/ros2_costmap_to_dynamic_obstacles/costmap_converter_node.py to costmap_converter_node.cpython-310.pyc
[0.994s] running install_data
[0.994s] copying package.xml -> /home/daopctn/ros2_ws/install/ros2_costmap_to_dynamic_obstacles/share/ros2_costmap_to_dynamic_obstacles
[0.994s] running install_egg_info
[0.996s] removing '/home/daopctn/ros2_ws/install/ros2_costmap_to_dynamic_obstacles/lib/python3.10/site-packages/ros2_costmap_to_dynamic_obstacles-0.0.0-py3.10.egg-info' (and everything under it)
[0.996s] Copying ../../build/ros2_costmap_to_dynamic_obstacles/ros2_costmap_to_dynamic_obstacles.egg-info to /home/daopctn/ros2_ws/install/ros2_costmap_to_dynamic_obstacles/lib/python3.10/site-packages/ros2_costmap_to_dynamic_obstacles-0.0.0-py3.10.egg-info
[0.997s] running install_scripts
[1.014s] Installing costmap_converter_node script to /home/daopctn/ros2_ws/install/ros2_costmap_to_dynamic_obstacles/lib/ros2_costmap_to_dynamic_obstacles
[1.014s] writing list of installed files to '/home/daopctn/ros2_ws/build/ros2_costmap_to_dynamic_obstacles/install.log'
[1.036s] Invoked command in '/home/daopctn/ros2_ws/src/ros2_costmap_to_dynamic_obstacles' returned '0': LD_LIBRARY_PATH=/home/daopctn/ros2_ws/install/nav2_dynamic_msgs/lib:/home/daopctn/turtlebot3_ws/install/turtlebot3_msgs/lib:/home/daopctn/turtlebot3_ws/install/dynamixel_sdk_custom_interfaces/lib:/home/daopctn/turtlebot3_ws/install/dynamixel_sdk/lib:/home/daopctn/ros2_webots_ws/install/webots_ros2_control/lib:/home/daopctn/ros2_webots_ws/install/webots_ros2_driver/lib:/home/daopctn/ros2_webots_ws/install/webots_ros2_msgs/lib:/usr/lib/x86_64-linux-gnu/gazebo-11/plugins:/opt/ros/humble/opt/rviz_ogre_vendor/lib:/opt/ros/humble/lib/x86_64-linux-gnu:/opt/ros/humble/lib:/usr/share/gazebo/../../lib/x86_64-linux-gnu/gazebo-11/plugins:/usr/lib/x86_64-linux-gnu/gazebo-11/plugins:/usr/share/gazebo/../../lib/x86_64-linux-gnu/gazebo-11/plugins PYTHONPATH=/home/daopctn/ros2_ws/build/ros2_costmap_to_dynamic_obstacles/prefix_override:/usr/lib/python3/dist-packages/colcon_core/task/python/colcon_distutils_commands:/home/daopctn/ros2_ws/install/ros2_costmap_to_dynamic_obstacles/lib/python3.10/site-packages:${PYTHONPATH} /usr/bin/python3 -W ignore:setup.py install is deprecated -W ignore:easy_install command is deprecated setup.py egg_info --egg-base ../../build/ros2_costmap_to_dynamic_obstacles build --build-base /home/daopctn/ros2_ws/build/ros2_costmap_to_dynamic_obstacles/build install --record /home/daopctn/ros2_ws/build/ros2_costmap_to_dynamic_obstacles/install.log --single-version-externally-managed install_data
